["16:26:03", 304, 0]
["16:26:04", 304, 0]
["16:26:04", 304, 0]
["16:26:05", 304, 0]
["16:26:05", 304, 0]
["16:26:06", 304, 0]
["16:26:06", 304, 0]
["16:26:07", 304, 0]
["16:26:07", 304, 0]
["16:26:08", 304, 0]
["16:26:09", 304, 0]
["16:26:09", 304, 0]
["16:26:10", 304, 0]
["16:26:10", 304, 0]
["16:26:11", 304, 0]
["16:26:11", 304, 0]
["16:26:12", 304, 0]
["16:26:12", 304, 0]
["16:26:13", 304, 0]
["16:26:13", 304, 0]
["16:26:14", 304, 0]
["16:26:14", 304, 0]
["16:26:15", 304, 0]
["16:26:15", 304, 0]
["16:26:16", 304, 0]
["16:26:16", 304, 0]
["16:26:17", 304, 0]
["16:26:17", 304, 0]
["16:26:18", 304, 0]
["16:26:18", 304, 0]
["16:26:19", 304, 0]
["16:26:19", 304, 0]
["16:26:20", 304, 0]
["16:26:20", 304, 0]
["16:26:21", 304, 0]
["16:26:21", 304, 0]
["16:26:22", 304, 0]
["16:26:22", 304, 0]
["16:26:23", 304, 0]
["16:26:23", 304, 0]
["16:26:24", 304, 0]
["16:26:24", 304, 0]
["16:26:25", 304, 0]
["16:26:26", 305, 0]
["16:26:26", 306, 0]
["16:26:27", 306, 0]
["16:26:27", 307, 0]
["16:26:28", 308, 0]
["16:26:28", 308, 0]
["16:26:29", 308, 0]
["16:26:29", 308, 0]
["16:26:30", 308, 0]
["16:26:30", 308, 0]
["16:26:31", 308, 0]
["16:26:31", 308, 0]
["16:26:32", 308, 0]
["16:26:32", 308, 0]
["16:26:33", 308, 0]
["16:26:33", 308, 0]
["16:26:34", 308, 0]
["16:26:34", 308, 0]
["16:26:35", 309, 0]
["16:26:35", 309, 0]
["16:26:36", 309, 0]
["16:26:36", 309, 0]
["16:26:37", 309, 0]
["16:26:37", 309, 0]
["16:26:38", 309, 0]
["16:26:38", 309, 0]
["16:26:39", 309, 0]
["16:26:39", 310, 0]
["16:26:40", 310, 0]
["16:26:40", 310, 0]
["16:26:41", 310, 0]
["16:26:41", 310, 0]
["16:26:42", 310, 0]
["16:26:42", 310, 0]
["16:26:43", 310, 0]
["16:26:44", 310, 0]
["16:26:44", 310, 0]
["16:26:45", 310, 0]
["16:26:45", 310, 0]
["16:26:46", 310, 0]
["16:26:46", 310, 0]
["16:26:47", 310, 0]
["16:26:47", 310, 0]
["16:26:48", 310, 0]
["16:26:48", 310, 0]
["16:26:49", 310, 0]
["16:26:49", 310, 0]
["16:26:50", 310, 0]
["16:26:50", 310, 0]
["16:26:51", 310, 0]
["16:26:51", 310, 0]
["16:26:52", 310, 0]
["16:26:52", 310, 0]
["16:26:53", 310, 0]
["16:26:53", 310, 0]
["16:26:54", 310, 0]
["16:26:54", 310, 0]
["16:26:55", 310, 0]
["16:26:55", 310, 0]
["16:26:56", 255, 55]
["16:26:56", 255, 55]
["16:26:57", 253, 57]
["16:26:57", 251, 59]
["16:26:58", 251, 59]
["16:26:58", 249, 61]
["16:26:59", 248, 62]
["16:26:59", 247, 63]
["16:27:00", 247, 63]
["16:27:00", 246, 64]
["16:27:01", 245, 65]
["16:27:01", 243, 67]
["16:27:02", 240, 70]
["16:27:02", 240, 70]
["16:27:03", 238, 72]
["16:27:04", 233, 77]
["16:27:04", 229, 81]
["16:27:05", 228, 82]
["16:27:05", 227, 83]
["16:27:06", 224, 86]
["16:27:06", 217, 93]
["16:27:07", 216, 94]
["16:27:07", 216, 95]
["16:27:08", 213, 98]
["16:27:08", 211, 100]
["16:27:09", 211, 100]
["16:27:09", 211, 100]
["16:27:10", 211, 100]
["16:27:10", 211, 100]
["16:27:11", 211, 100]
["16:27:11", 211, 99]
["16:27:12", 211, 98]
["16:27:12", 211, 97]
["16:27:13", 211, 97]
["16:27:13", 211, 97]
["16:27:14", 211, 97]
["16:27:14", 211, 97]
["16:27:15", 211, 94]
["16:27:15", 208, 96]
["16:27:16", 205, 99]
["16:27:16", 204, 99]
["16:27:17", 204, 95]
["16:27:17", 202, 97]
["16:27:18", 199, 99]
["16:27:18", 199, 97]
["16:27:19", 198, 98]
["16:27:19", 196, 100]
["16:27:20", 196, 99]
["16:27:20", 196, 97]
["16:27:21", 196, 97]
["16:27:21", 196, 97]
["16:27:22", 196, 97]
["16:27:22", 196, 97]
["16:27:23", 196, 94]
["16:27:24", 196, 94]
["16:27:24", 196, 94]
["16:27:25", 196, 94]
["16:27:25", 196, 94]
["16:27:26", 197, 94]
["16:27:26", 197, 94]
["16:27:27", 197, 94]
["16:27:27", 197, 94]
["16:27:28", 198, 93]
["16:27:28", 198, 92]
["16:27:29", 198, 92]
["16:27:29", 198, 92]
["16:27:30", 198, 92]
["16:27:30", 199, 92]
["16:27:31", 199, 92]
["16:27:31", 199, 92]
["16:27:32", 199, 92]
["16:27:32", 200, 91]
["16:27:33", 200, 91]
["16:27:33", 200, 91]
["16:27:34", 200, 90]
["16:27:34", 200, 90]
["16:27:35", 201, 89]
["16:27:35", 201, 89]
["16:27:36", 201, 88]
["16:27:36", 201, 88]
["16:27:37", 201, 88]
["16:27:37", 195, 94]
["16:27:38", 193, 96]
["16:27:38", 192, 98]
["16:27:39", 189, 100]
["16:27:39", 189, 97]
["16:27:40", 190, 95]
["16:27:40", 190, 95]
["16:27:41", 190, 95]
["16:27:41", 190, 94]
["16:27:42", 191, 93]
["16:27:42", 191, 93]
["16:27:43", 191, 93]
["16:27:43", 191, 93]
["16:27:44", 191, 93]
["16:27:45", 192, 93]
["16:27:45", 192, 93]
["16:27:46", 192, 93]
["16:27:46", 192, 93]
["16:27:47", 193, 92]
["16:27:47", 193, 92]
["16:27:48", 193, 92]
["16:27:48", 193, 92]
["16:27:49", 193, 92]
["16:27:49", 193, 92]
["16:27:50", 193, 92]
["16:27:50", 193, 90]
["16:27:51", 193, 90]
["16:27:51", 193, 89]
["16:27:52", 193, 89]
["16:27:52", 193, 89]
["16:27:53", 193, 89]
["16:27:53", 193, 88]
["16:27:54", 193, 88]
["16:27:54", 193, 88]
["16:27:55", 193, 88]
["16:27:55", 193, 88]
["16:27:56", 193, 88]
["16:27:56", 193, 88]
["16:27:57", 193, 88]
["16:27:57", 193, 88]
["16:27:58", 193, 88]
["16:27:58", 193, 88]
["16:27:59", 193, 88]
["16:27:59", 193, 88]
["16:28:00", 193, 88]
["16:28:00", 193, 88]
["16:28:01", 193, 88]
["16:28:01", 193, 88]
["16:28:02", 193, 88]
["16:28:02", 193, 88]
["16:28:03", 193, 88]
["16:28:04", 193, 88]
["16:28:04", 193, 88]
["16:28:05", 193, 88]
["16:28:05", 193, 88]
["16:28:06", 193, 88]
["16:28:06", 193, 88]
["16:28:07", 193, 88]
["16:28:07", 193, 88]
["16:28:08", 193, 88]
["16:28:08", 193, 88]
["16:28:09", 193, 88]
["16:28:09", 194, 88]
["16:28:10", 194, 87]
["16:28:10", 194, 87]
["16:28:11", 194, 87]
["16:28:11", 194, 87]
["16:28:12", 195, 86]
["16:28:12", 195, 86]
["16:28:13", 195, 86]
["16:28:13", 195, 86]
["16:28:14", 195, 84]
["16:28:14", 196, 84]
["16:28:15", 196, 84]
["16:28:15", 196, 84]
["16:28:16", 196, 84]
["16:28:16", 197, 83]
["16:28:17", 197, 83]
["16:28:17", 197, 83]
["16:28:18", 197, 83]
["16:28:18", 198, 83]
["16:28:19", 198, 83]
["16:28:19", 198, 83]
["16:28:20", 198, 83]
["16:28:20", 198, 83]
["16:28:21", 198, 82]
["16:28:21", 198, 82]
["16:28:22", 198, 81]
["16:28:22", 198, 81]
["16:28:23", 198, 81]
["16:28:23", 198, 80]
["16:28:24", 198, 80]
["16:28:25", 198, 80]
["16:28:25", 198, 80]
["16:28:26", 198, 80]
["16:28:26", 198, 80]
["16:28:27", 198, 80]
["16:28:27", 198, 80]
["16:28:28", 198, 80]
["16:28:28", 198, 80]
["16:28:29", 198, 80]
["16:28:29", 198, 80]
["16:28:30", 198, 79]
["16:28:30", 198, 79]
["16:28:31", 198, 79]
["16:28:31", 198, 79]
["16:28:32", 198, 79]
["16:28:32", 198, 78]
["16:28:33", 198, 78]
["16:28:33", 198, 78]
["16:28:34", 198, 78]
["16:28:34", 198, 77]
["16:28:35", 198, 77]
["16:28:35", 198, 76]
["16:28:36", 198, 76]
["16:28:36", 198, 76]
["16:28:37", 198, 75]
["16:28:37", 198, 75]
["16:28:38", 198, 75]
["16:28:38", 198, 75]
["16:28:39", 198, 75]
["16:28:39", 198, 74]
["16:28:40", 198, 74]
["16:28:40", 198, 74]
["16:28:41", 198, 74]
["16:28:41", 198, 74]
["16:28:42", 198, 74]
["16:28:42", 198, 74]
["16:28:43", 198, 74]
["16:28:43", 198, 73]
["16:28:44", 198, 73]
["16:28:45", 198, 73]
["16:28:45", 198, 73]
["16:28:46", 198, 72]
["16:28:46", 198, 72]
["16:28:47", 198, 72]
["16:28:47", 198, 72]
["16:28:48", 198, 72]
["16:28:48", 198, 71]
["16:28:49", 198, 71]
["16:28:49", 198, 70]
["16:28:50", 198, 70]
["16:28:50", 198, 70]
["16:28:51", 198, 69]
["16:28:51", 198, 69]
["16:28:52", 199, 69]
["16:28:52", 199, 69]
["16:28:53", 199, 69]
["16:28:53", 199, 69]
["16:28:54", 199, 69]
["16:28:54", 200, 69]
["16:28:55", 200, 69]
["16:28:55", 200, 68]
["16:28:56", 200, 68]
["16:28:56", 200, 68]
["16:28:57", 201, 68]
["16:28:57", 201, 67]
["16:28:58", 201, 67]
["16:28:58", 201, 67]
["16:28:59", 202, 66]
["16:28:59", 202, 65]
["16:29:00", 202, 65]
["16:29:00", 202, 65]
["16:29:01", 202, 65]
["16:29:01", 203, 65]
["16:29:02", 203, 64]
["16:29:02", 203, 64]
["16:29:03", 203, 64]
["16:29:03", 203, 64]
["16:29:04", 204, 64]
["16:29:04", 204, 64]
["16:29:05", 204, 64]
["16:29:05", 204, 64]
["16:29:06", 205, 63]
["16:29:07", 205, 62]
["16:29:07", 205, 62]
["16:29:08", 205, 62]
["16:29:08", 205, 62]
["16:29:09", 206, 62]
["16:29:09", 206, 62]
["16:29:10", 206, 61]
["16:29:10", 206, 61]
["16:29:11", 206, 61]
["16:29:11", 207, 61]
["16:29:12", 207, 61]
["16:29:12", 207, 61]
["16:29:13", 207, 61]
["16:29:13", 207, 61]
["16:29:14", 208, 59]
["16:29:14", 208, 59]
["16:29:15", 208, 59]
["16:29:15", 208, 59]
["16:29:16", 208, 59]
["16:29:16", 208, 59]
["16:29:17", 208, 59]
["16:29:17", 209, 59]
["16:29:18", 209, 59]
["16:29:18", 209, 59]
["16:29:19", 209, 59]
["16:29:19", 210, 58]
["16:29:20", 210, 58]
["16:29:20", 210, 58]
["16:29:21", 210, 58]
["16:29:21", 210, 58]
["16:29:22", 210, 57]
["16:29:22", 210, 57]
["16:29:23", 211, 57]
["16:29:23", 211, 57]
["16:29:24", 211, 57]
["16:29:24", 211, 57]
["16:29:25", 211, 57]
["16:29:25", 211, 57]
["16:29:26", 211, 57]
["16:29:26", 211, 56]
["16:29:27", 211, 56]
["16:29:27", 211, 56]
["16:29:28", 212, 56]
["16:29:29", 212, 56]
["16:29:29", 212, 56]
["16:29:30", 212, 56]
["16:29:30", 213, 56]
["16:29:31", 213, 56]
["16:29:31", 213, 56]
["16:29:32", 213, 56]
["16:29:32", 213, 55]
["16:29:33", 213, 55]
["16:29:33", 214, 55]
["16:29:34", 214, 55]
["16:29:34", 214, 54]
["16:29:35", 214, 54]
["16:29:35", 215, 54]
["16:29:36", 215, 54]
["16:29:36", 215, 54]
["16:29:37", 215, 53]
["16:29:37", 215, 53]
["16:29:38", 215, 53]
["16:29:38", 216, 53]
["16:29:39", 216, 53]
["16:29:39", 216, 52]
["16:29:40", 216, 52]
["16:29:40", 216, 52]
["16:29:41", 217, 52]
["16:29:41", 217, 52]
["16:29:42", 217, 52]
["16:29:42", 217, 51]
["16:29:43", 217, 51]
["16:29:43", 218, 51]
["16:29:44", 218, 51]
["16:29:44", 218, 51]
["16:29:45", 218, 51]
["16:29:45", 219, 51]
["16:29:46", 219, 51]
["16:29:46", 219, 51]
["16:29:47", 219, 51]
["16:29:47", 219, 51]
["16:29:48", 219, 51]
["16:29:48", 219, 51]
["16:29:49", 219, 51]
["16:29:50", 219, 51]
["16:29:50", 219, 51]
["16:29:51", 219, 51]
["16:29:51", 219, 51]
["16:29:52", 219, 51]
["16:29:52", 220, 51]
["16:29:53", 220, 51]
["16:29:53", 220, 51]
["16:29:54", 220, 51]
["16:29:54", 220, 51]
["16:29:55", 220, 51]
["16:29:55", 220, 51]
["16:29:56", 220, 51]
["16:29:56", 220, 51]
["16:29:57", 220, 51]
["16:29:57", 220, 51]
["16:29:58", 220, 51]
["16:29:58", 220, 51]
["16:29:59", 220, 51]
["16:29:59", 220, 51]
["16:30:00", 220, 51]
["16:30:00", 220, 51]
["16:30:01", 220, 51]
["16:30:01", 220, 51]
["16:30:02", 220, 51]
["16:30:02", 220, 51]
["16:30:03", 220, 51]
["16:30:03", 220, 51]
["16:30:04", 220, 51]
["16:30:04", 220, 51]
["16:30:05", 220, 51]
["16:30:05", 220, 50]
["16:30:06", 220, 50]
["16:30:06", 220, 50]
["16:30:07", 220, 50]
["16:30:07", 221, 50]
["16:30:08", 221, 50]
["16:30:08", 221, 50]
["16:30:09", 221, 50]
["16:30:10", 221, 50]
["16:30:10", 221, 50]
["16:30:11", 221, 50]
["16:30:11", 221, 50]
["16:30:12", 221, 49]
["16:30:12", 221, 49]
["16:30:13", 221, 49]
["16:30:13", 221, 49]
["16:30:14", 221, 49]
["16:30:14", 222, 46]
["16:30:15", 223, 45]
["16:30:15", 223, 45]
["16:30:16", 223, 45]
["16:30:16", 223, 45]
["16:30:17", 224, 44]
["16:30:17", 224, 44]
["16:30:18", 224, 44]
["16:30:18", 224, 44]
["16:30:19", 224, 44]
["16:30:19", 225, 44]
["16:30:20", 225, 44]
["16:30:20", 225, 44]
["16:30:21", 225, 44]
["16:30:21", 225, 44]
["16:30:22", 225, 44]
["16:30:22", 226, 42]
["16:30:23", 226, 42]
["16:30:23", 226, 42]
["16:30:24", 226, 42]
["16:30:24", 226, 42]
["16:30:25", 227, 41]
["16:30:25", 227, 41]
["16:30:26", 227, 41]
["16:30:26", 227, 41]
["16:30:27", 227, 41]
["16:30:27", 228, 41]
["16:30:28", 228, 41]
["16:30:28", 228, 41]
["16:30:29", 228, 41]
["16:30:29", 228, 41]
["16:30:30", 229, 41]
["16:30:31", 229, 41]
["16:30:31", 229, 41]
["16:30:32", 229, 41]
["16:30:32", 230, 41]
["16:30:33", 230, 41]
["16:30:33", 230, 41]
["16:30:34", 230, 41]
["16:30:34", 230, 41]
["16:30:35", 231, 41]
["16:30:35", 231, 41]
["16:30:36", 231, 41]
["16:30:36", 231, 41]
["16:30:37", 232, 41]
["16:30:37", 232, 41]
["16:30:38", 232, 41]
["16:30:38", 232, 41]
["16:30:39", 233, 41]
["16:30:39", 233, 41]
["16:30:40", 233, 41]
["16:30:40", 233, 41]
["16:30:41", 233, 41]
["16:30:41", 234, 41]
["16:30:42", 234, 41]
["16:30:42", 234, 41]
["16:30:43", 234, 40]
["16:30:43", 235, 40]
["16:30:44", 235, 40]
["16:30:44", 235, 40]
["16:30:45", 235, 39]
["16:30:45", 235, 39]
["16:30:46", 236, 39]
["16:30:46", 236, 39]
["16:30:47", 236, 39]
["16:30:47", 236, 38]
["16:30:48", 236, 38]
["16:30:48", 237, 37]
["16:30:49", 237, 37]
["16:30:49", 237, 37]
["16:30:50", 237, 37]
["16:30:50", 238, 36]
["16:30:51", 238, 36]
["16:30:52", 238, 36]
["16:30:52", 238, 36]
["16:30:53", 239, 36]
["16:30:53", 239, 36]
["16:30:54", 239, 36]
["16:30:54", 239, 36]
["16:30:55", 239, 36]
["16:30:55", 240, 36]
["16:30:56", 240, 36]
["16:30:56", 240, 36]
["16:30:57", 240, 36]
["16:30:57", 240, 36]
["16:30:58", 241, 36]
["16:30:58", 241, 36]
["16:30:59", 241, 36]
["16:30:59", 241, 36]
["16:31:00", 242, 35]
["16:31:00", 242, 35]
["16:31:01", 242, 35]
["16:31:01", 242, 35]
["16:31:02", 242, 35]
["16:31:02", 243, 34]
["16:31:03", 243, 34]
["16:31:03", 243, 34]
["16:31:04", 243, 34]
["16:31:04", 243, 33]
["16:31:05", 244, 33]
["16:31:05", 244, 33]
["16:31:06", 244, 33]
["16:31:06", 244, 33]
["16:31:07", 245, 32]
["16:31:07", 245, 32]
["16:31:08", 245, 32]
["16:31:08", 245, 32]
["16:31:09", 245, 32]
["16:31:09", 245, 32]
["16:31:10", 246, 31]
["16:31:10", 246, 31]
["16:31:11", 246, 31]
["16:31:12", 246, 31]
["16:31:12", 246, 31]
["16:31:13", 247, 31]
["16:31:13", 247, 31]
["16:31:14", 247, 31]
["16:31:14", 247, 31]
["16:31:15", 247, 31]
["16:31:15", 248, 31]
["16:31:16", 248, 31]
["16:31:16", 248, 31]
["16:31:17", 248, 31]
["16:31:17", 248, 30]
["16:31:18", 248, 28]
["16:31:18", 248, 28]
["16:31:19", 248, 28]
["16:31:19", 248, 28]
["16:31:20", 248, 28]
["16:31:20", 249, 28]
["16:31:21", 249, 28]
["16:31:21", 249, 28]
["16:31:22", 249, 28]
["16:31:22", 249, 28]
["16:31:23", 249, 27]
["16:31:23", 249, 27]
["16:31:24", 249, 27]
["16:31:24", 249, 27]
["16:31:25", 249, 26]
["16:31:25", 249, 26]
["16:31:26", 250, 26]
["16:31:26", 250, 26]
["16:31:27", 250, 26]
["16:31:27", 250, 25]
["16:31:28", 251, 24]
["16:31:28", 251, 24]
["16:31:29", 251, 24]
["16:31:29", 251, 24]
["16:31:30", 252, 23]
["16:31:30", 252, 23]
["16:31:31", 252, 23]
["16:31:32", 252, 23]
["16:31:32", 253, 22]
["16:31:33", 253, 22]
["16:31:33", 253, 22]
["16:31:34", 253, 22]
["16:31:34", 253, 22]
["16:31:35", 254, 21]
["16:31:35", 254, 21]
["16:31:36", 254, 21]
["16:31:36", 254, 21]
["16:31:37", 254, 21]
["16:31:37", 255, 20]
["16:31:38", 255, 20]
["16:31:38", 255, 20]
["16:31:39", 255, 20]
["16:31:39", 256, 19]
["16:31:40", 256, 19]
["16:31:40", 256, 19]
["16:31:41", 256, 19]
["16:31:41", 257, 18]
["16:31:42", 257, 18]
["16:31:42", 257, 18]
["16:31:43", 257, 18]
["16:31:43", 258, 18]
["16:31:44", 258, 17]
["16:31:44", 258, 17]
["16:31:45", 258, 17]
["16:31:45", 259, 17]
["16:31:46", 259, 17]
["16:31:46", 259, 17]
["16:31:47", 259, 17]
["16:31:47", 259, 17]
["16:31:48", 260, 17]
["16:31:49", 260, 17]
["16:31:49", 260, 17]
["16:31:50", 260, 17]
["16:31:50", 260, 17]
["16:31:51", 261, 16]
["16:31:51", 261, 16]
["16:31:52", 261, 16]
["16:31:52", 261, 16]
["16:31:53", 262, 16]
["16:31:53", 262, 16]
["16:31:54", 262, 16]
["16:31:54", 262, 16]
["16:31:55", 262, 16]
["16:31:55", 263, 16]
["16:31:56", 263, 16]
["16:31:56", 263, 16]
["16:31:57", 263, 16]
["16:31:57", 263, 16]
["16:31:58", 264, 15]
["16:31:58", 264, 15]
["16:31:59", 264, 15]
["16:31:59", 264, 15]
["16:32:00", 264, 15]
["16:32:00", 264, 15]
["16:32:01", 264, 15]
["16:32:01", 264, 15]
["16:32:02", 264, 15]
["16:32:02", 264, 15]
["16:32:03", 265, 15]
["16:32:03", 265, 15]
["16:32:04", 265, 15]
["16:32:04", 265, 15]
["16:32:05", 265, 14]
["16:32:05", 265, 14]
["16:32:06", 265, 14]
["16:32:06", 265, 14]
["16:32:07", 266, 14]
["16:32:07", 266, 14]
["16:32:08", 266, 14]
["16:32:08", 266, 14]
["16:32:09", 266, 14]
["16:32:10", 266, 14]
["16:32:10", 267, 13]
["16:32:11", 267, 13]
["16:32:11", 267, 13]
["16:32:12", 267, 13]
["16:32:12", 267, 13]
["16:32:13", 268, 12]
["16:32:13", 268, 12]
["16:32:14", 268, 12]
["16:32:14", 268, 12]
["16:32:15", 268, 12]
["16:32:15", 269, 12]
["16:32:16", 269, 12]
["16:32:16", 269, 12]
["16:32:17", 269, 12]
["16:32:17", 269, 12]
["16:32:18", 270, 12]
["16:32:18", 270, 12]
["16:32:19", 270, 12]
["16:32:19", 270, 12]
["16:32:20", 260, 22]
["16:32:20", 257, 27]
["16:32:21", 257, 27]
["16:32:21", 256, 29]
["16:32:22", 253, 33]
["16:32:22", 253, 35]
["16:32:23", 253, 35]
["16:32:23", 253, 35]
["16:32:24", 253, 35]
["16:32:24", 253, 35]
["16:32:25", 254, 35]
["16:32:25", 254, 35]
["16:32:26", 254, 35]
["16:32:26", 254, 35]
["16:32:27", 255, 35]
["16:32:27", 255, 35]
["16:32:28", 255, 35]
["16:32:28", 255, 35]
["16:32:29", 256, 34]
["16:32:29", 256, 34]
["16:32:30", 256, 34]
["16:32:30", 256, 33]
["16:32:31", 256, 33]
["16:32:32", 256, 33]
["16:32:32", 257, 33]
["16:32:33", 257, 33]
["16:32:33", 257, 33]
["16:32:34", 257, 33]
["16:32:34", 258, 33]
["16:32:35", 258, 33]
["16:32:35", 258, 32]
["16:32:36", 258, 32]
["16:32:36", 258, 32]
["16:32:37", 259, 32]
["16:32:37", 259, 32]
["16:32:38", 259, 32]
["16:32:38", 259, 32]
["16:32:39", 259, 31]
["16:32:39", 260, 31]
["16:32:40", 260, 31]
["16:32:40", 260, 31]
["16:32:41", 260, 30]
["16:32:41", 260, 30]
["16:32:42", 261, 30]
["16:32:42", 261, 30]
["16:32:43", 261, 30]
["16:32:43", 261, 30]
["16:32:44", 261, 30]
["16:32:44", 262, 30]
["16:32:45", 262, 30]
["16:32:45", 262, 30]
["16:32:46", 262, 30]
["16:32:46", 262, 30]
["16:32:47", 263, 30]
["16:32:47", 263, 30]
["16:32:48", 263, 30]
["16:32:48", 263, 30]
["16:32:49", 263, 30]
["16:32:49", 263, 30]
["16:32:50", 263, 30]
["16:32:50", 263, 30]
["16:32:51", 263, 30]
["16:32:51", 263, 30]
["16:32:52", 263, 30]
["16:32:53", 263, 30]
["16:32:53", 263, 30]
["16:32:54", 263, 30]
["16:32:54", 263, 30]
["16:32:55", 263, 30]
["16:32:55", 263, 30]
["16:32:56", 263, 30]
["16:32:56", 263, 30]
["16:32:57", 263, 30]
["16:32:57", 263, 30]
["16:32:58", 263, 30]
["16:32:58", 263, 30]
["16:32:59", 263, 30]
["16:32:59", 263, 30]
["16:33:00", 264, 29]
["16:33:00", 264, 29]
["16:33:01", 264, 29]
["16:33:01", 264, 29]
["16:33:02", 264, 28]
["16:33:02", 264, 28]
["16:33:03", 265, 28]
["16:33:03", 265, 28]
["16:33:04", 265, 28]
["16:33:04", 265, 28]
["16:33:05", 266, 28]
["16:33:05", 266, 28]
["16:33:06", 266, 28]
["16:33:06", 266, 28]
["16:33:07", 267, 28]
["16:33:07", 267, 28]
["16:33:08", 267, 28]
["16:33:08", 267, 28]
["16:33:09", 267, 28]
["16:33:09", 268, 28]
["16:33:10", 268, 28]
["16:33:10", 268, 28]
["16:33:11", 268, 28]
["16:33:11", 268, 28]
["16:33:12", 269, 28]
["16:33:12", 269, 28]
["16:33:13", 269, 28]
["16:33:13", 269, 28]
["16:33:14", 269, 28]
["16:33:15", 269, 28]
["16:33:15", 269, 28]
["16:33:16", 269, 28]
["16:33:16", 270, 28]
["16:33:17", 270, 28]
["16:33:17", 270, 28]
["16:33:18", 270, 28]
["16:33:18", 271, 27]
["16:33:19", 271, 27]
["16:33:19", 271, 27]
["16:33:20", 271, 27]
["16:33:20", 271, 27]
["16:33:21", 272, 27]
["16:33:21", 272, 27]
["16:33:22", 272, 27]
["16:33:22", 272, 27]
["16:33:23", 272, 27]
["16:33:23", 273, 27]
["16:33:24", 273, 27]
["16:33:24", 273, 27]
["16:33:25", 273, 26]
["16:33:25", 274, 26]
["16:33:26", 274, 26]
["16:33:26", 274, 26]
["16:33:27", 274, 26]
["16:33:27", 275, 26]
["16:33:28", 275, 26]
["16:33:28", 275, 26]
["16:33:29", 275, 26]
["16:33:29", 275, 26]
["16:33:30", 276, 26]
["16:33:30", 276, 26]
["16:33:31", 276, 26]
["16:33:31", 276, 25]
["16:33:32", 277, 25]
["16:33:32", 277, 25]
["16:33:33", 277, 25]
["16:33:33", 277, 25]
["16:33:34", 277, 25]
["16:33:34", 277, 25]
["16:33:35", 277, 25]
["16:33:35", 277, 25]
["16:33:36", 277, 25]
["16:33:37", 278, 25]
["16:33:37", 278, 25]
["16:33:38", 278, 25]
["16:33:38", 278, 25]
["16:33:39", 279, 25]
["16:33:39", 279, 25]
["16:33:40", 279, 25]
["16:33:40", 279, 25]
["16:33:41", 279, 25]
["16:33:41", 280, 25]
["16:33:42", 280, 25]
["16:33:42", 280, 25]
["16:33:43", 280, 25]
["16:33:43", 281, 25]
["16:33:44", 281, 25]
["16:33:44", 281, 25]
["16:33:45", 281, 25]
["16:33:45", 282, 25]
["16:33:46", 282, 25]
["16:33:46", 282, 25]
["16:33:47", 282, 25]
["16:33:47", 282, 25]
["16:33:48", 283, 25]
["16:33:48", 283, 25]
["16:33:49", 283, 25]
["16:33:49", 283, 25]
["16:33:50", 283, 25]
["16:33:50", 283, 25]
["16:33:51", 284, 25]
["16:33:51", 284, 25]
["16:33:52", 284, 25]
["16:33:52", 284, 25]
["16:33:53", 284, 25]
["16:33:53", 284, 25]
["16:33:54", 285, 25]
["16:33:54", 285, 25]
["16:33:55", 285, 25]
["16:33:55", 285, 25]
["16:33:56", 285, 25]
["16:33:57", 285, 25]
["16:33:57", 285, 25]
["16:33:58", 285, 25]
["16:33:58", 285, 25]
["16:33:59", 285, 25]
["16:33:59", 285, 25]
["16:34:00", 285, 25]
["16:34:00", 285, 25]
["16:34:01", 285, 25]
["16:34:01", 285, 25]
["16:34:02", 285, 25]
["16:34:02", 285, 25]
["16:34:03", 285, 25]
["16:34:03", 285, 25]
["16:34:04", 285, 25]
["16:34:04", 285, 25]
["16:34:05", 285, 25]
["16:34:05", 285, 25]
["16:34:06", 285, 25]
["16:34:06", 285, 25]
["16:34:07", 285, 25]
["16:34:07", 285, 25]
["16:34:08", 285, 25]
["16:34:08", 285, 25]
["16:34:09", 285, 25]
["16:34:09", 285, 25]
["16:34:10", 285, 25]
["16:34:10", 285, 25]
["16:34:11", 285, 25]
["16:34:11", 285, 25]
["16:34:12", 285, 25]
["16:34:12", 285, 25]
["16:34:13", 285, 25]
["16:34:13", 285, 25]
["16:34:14", 285, 25]
["16:34:14", 285, 25]
["16:34:15", 285, 25]
["16:34:15", 285, 25]
["16:34:16", 285, 25]
["16:34:16", 285, 25]
["16:34:17", 285, 25]
["16:34:18", 285, 25]
["16:34:18", 285, 25]
["16:34:19", 286, 25]
["16:34:19", 286, 25]
["16:34:20", 286, 25]
["16:34:20", 286, 25]
["16:34:21", 286, 25]
["16:34:21", 287, 25]
["16:34:22", 287, 25]
["16:34:22", 287, 25]
["16:34:23", 287, 25]
["16:34:23", 288, 25]
["16:34:24", 288, 25]
["16:34:24", 288, 25]
["16:34:25", 288, 25]
["16:34:25", 289, 25]
["16:34:26", 289, 25]
["16:34:26", 289, 25]
["16:34:27", 289, 25]
["16:34:27", 289, 25]
["16:34:28", 290, 25]
["16:34:28", 290, 25]
["16:34:29", 290, 25]
["16:34:29", 290, 25]
["16:34:30", 291, 25]
["16:34:30", 291, 25]
["16:34:31", 291, 25]
["16:34:31", 291, 25]
["16:34:32", 291, 25]
["16:34:32", 292, 25]
["16:34:33", 292, 25]
["16:34:33", 292, 25]
["16:34:34", 292, 25]
["16:34:34", 292, 25]
["16:34:35", 293, 25]
["16:34:35", 293, 25]
["16:34:36", 293, 25]
["16:34:36", 293, 25]
["16:34:37", 293, 25]
["16:34:38", 293, 25]
["16:34:38", 294, 25]
["16:34:39", 294, 25]
["16:34:39", 294, 25]
["16:34:40", 294, 25]
["16:34:40", 295, 25]
["16:34:41", 295, 25]
["16:34:41", 295, 25]
["16:34:42", 295, 25]
["16:34:42", 295, 25]
["16:34:43", 296, 25]
["16:34:43", 296, 25]
["16:34:44", 296, 25]
["16:34:44", 296, 25]
["16:34:45", 297, 25]
["16:34:45", 297, 25]
["16:34:46", 297, 25]
["16:34:46", 297, 25]
["16:34:47", 297, 25]
["16:34:47", 298, 25]
["16:34:48", 298, 25]
["16:34:48", 298, 25]
["16:34:49", 298, 25]
["16:34:49", 298, 25]
["16:34:50", 299, 25]
["16:34:50", 299, 25]
["16:34:51", 299, 25]
["16:34:51", 299, 25]
["16:34:52", 299, 25]
["16:34:52", 300, 25]
["16:34:53", 300, 25]
["16:34:53", 300, 25]
["16:34:54", 300, 25]
["16:34:54", 301, 25]
["16:34:55", 301, 25]
["16:34:55", 301, 25]
["16:34:56", 301, 25]
["16:34:56", 301, 25]
["16:34:57", 301, 25]
["16:34:57", 302, 25]
["16:34:58", 302, 25]
["16:34:58", 302, 25]
["16:34:59", 302, 25]
["16:35:00", 302, 25]
["16:35:00", 302, 25]
["16:35:01", 302, 25]
["16:35:01", 302, 25]
["16:35:02", 302, 25]
["16:35:02", 303, 25]
["16:35:03", 303, 25]
["16:35:03", 303, 25]
["16:35:04", 303, 25]
["16:35:04", 304, 25]
["16:35:05", 304, 25]
["16:35:05", 304, 25]
["16:35:06", 304, 25]
["16:35:06", 305, 25]
["16:35:07", 305, 25]
["16:35:07", 305, 25]
["16:35:08", 305, 25]
["16:35:08", 305, 25]
["16:35:09", 305, 25]
["16:35:09", 306, 25]
["16:35:10", 306, 25]
["16:35:10", 306, 25]
["16:35:11", 306, 25]
["16:35:11", 306, 25]
["16:35:12", 307, 25]
["16:35:12", 307, 25]
["16:35:13", 307, 25]
["16:35:13", 307, 25]
["16:35:14", 308, 25]
["16:35:14", 308, 25]
["16:35:15", 308, 25]
["16:35:15", 308, 25]
["16:35:16", 308, 25]
["16:35:16", 308, 25]
["16:35:17", 309, 25]
["16:35:17", 309, 25]
["16:35:18", 309, 25]
["16:35:18", 309, 25]
["16:35:19", 310, 25]
["16:35:19", 310, 25]
["16:35:20", 310, 25]
["16:35:21", 310, 25]
["16:35:21", 310, 25]
["16:35:22", 311, 25]
["16:35:22", 311, 25]
["16:35:23", 311, 25]
["16:35:23", 311, 25]
["16:35:24", 312, 25]
["16:35:24", 312, 25]
["16:35:25", 312, 25]
["16:35:25", 312, 25]
["16:35:26", 312, 25]
["16:35:26", 313, 25]
["16:35:27", 313, 25]
["16:35:27", 313, 25]
["16:35:28", 313, 25]
["16:35:28", 314, 25]
["16:35:29", 314, 25]
["16:35:29", 314, 25]
["16:35:30", 314, 25]
["16:35:30", 314, 25]
["16:35:31", 314, 25]
["16:35:31", 315, 25]
["16:35:32", 315, 25]
["16:35:32", 315, 25]
["16:35:33", 315, 25]
["16:35:33", 316, 25]
["16:35:34", 316, 25]
["16:35:34", 316, 25]
["16:35:35", 316, 25]
["16:35:35", 316, 25]
["16:35:36", 317, 25]
["16:35:36", 317, 25]
["16:35:37", 317, 25]
["16:35:37", 317, 25]
["16:35:38", 317, 25]
["16:35:38", 318, 25]
["16:35:39", 318, 25]
["16:35:39", 318, 25]
["16:35:40", 318, 25]
["16:35:40", 318, 25]
["16:35:41", 319, 25]
["16:35:42", 319, 25]
["16:35:42", 319, 25]
["16:35:43", 319, 25]
["16:35:43", 319, 25]
["16:35:44", 320, 25]
["16:35:44", 320, 25]
["16:35:45", 320, 25]
["16:35:45", 320, 25]
["16:35:46", 320, 25]
["16:35:46", 320, 25]
["16:35:47", 320, 25]
["16:35:47", 320, 25]
["16:35:48", 320, 25]
["16:35:48", 320, 25]
["16:35:49", 320, 25]
["16:35:49", 320, 25]
["16:35:50", 320, 25]
["16:35:50", 321, 25]
["16:35:51", 321, 25]
["16:35:51", 321, 25]
["16:35:52", 321, 25]
["16:35:52", 321, 25]
["16:35:53", 322, 25]
["16:35:53", 322, 25]
["16:35:54", 322, 25]
["16:35:54", 322, 25]
["16:35:55", 323, 25]
["16:35:55", 323, 25]
["16:35:56", 323, 25]
["16:35:56", 323, 25]
["16:35:57", 323, 25]
["16:35:57", 323, 25]
["16:35:58", 323, 25]
["16:35:58", 323, 25]
["16:35:59", 323, 25]
["16:35:59", 323, 25]
["16:36:00", 324, 25]
["16:36:00", 324, 25]
["16:36:01", 324, 25]
["16:36:01", 324, 25]
["16:36:02", 325, 25]
["16:36:03", 325, 25]
["16:36:03", 325, 25]
["16:36:04", 325, 25]
["16:36:04", 325, 25]
["16:36:05", 325, 25]
["16:36:05", 326, 25]
["16:36:06", 326, 25]
["16:36:06", 326, 25]
["16:36:07", 326, 25]
["16:36:07", 326, 25]
["16:36:08", 327, 25]
["16:36:08", 327, 25]
["16:36:09", 327, 25]
["16:36:09", 327, 25]
["16:36:10", 327, 25]
["16:36:10", 328, 25]
["16:36:11", 328, 25]
["16:36:11", 328, 25]
["16:36:12", 328, 25]
["16:36:12", 328, 25]
["16:36:13", 329, 25]
["16:36:13", 329, 25]
["16:36:14", 329, 25]
["16:36:14", 329, 25]
["16:36:15", 329, 25]
["16:36:15", 329, 25]
["16:36:16", 330, 25]
["16:36:16", 330, 25]
["16:36:17", 330, 25]
["16:36:17", 330, 25]
["16:36:18", 330, 25]
["16:36:18", 331, 25]
["16:36:19", 331, 25]
["16:36:19", 331, 25]
["16:36:20", 331, 25]
["16:36:20", 331, 25]
["16:36:21", 332, 25]
["16:36:21", 332, 25]
["16:36:22", 332, 25]
["16:36:23", 332, 25]
["16:36:23", 333, 25]
["16:36:24", 333, 25]
["16:36:24", 333, 25]
["16:36:25", 333, 25]
["16:36:25", 334, 25]
["16:36:26", 334, 25]
["16:36:26", 334, 25]
["16:36:27", 334, 25]
["16:36:27", 334, 25]
["16:36:28", 335, 25]
["16:36:28", 335, 25]
["16:36:29", 335, 25]
["16:36:29", 335, 25]
["16:36:30", 335, 25]
["16:36:30", 336, 25]
["16:36:31", 336, 25]
["16:36:31", 336, 25]
["16:36:32", 336, 25]
["16:36:32", 336, 26]
["16:36:33", 334, 28]
["16:36:33", 335, 28]
["16:36:34", 335, 28]
["16:36:34", 335, 28]
["16:36:35", 335, 28]
["16:36:35", 335, 28]
["16:36:36", 336, 28]
["16:36:36", 336, 28]
["16:36:37", 336, 28]
["16:36:37", 336, 28]
["16:36:38", 337, 28]
["16:36:38", 337, 28]
["16:36:39", 337, 28]
["16:36:39", 337, 28]
["16:36:40", 337, 28]
["16:36:40", 338, 28]
["16:36:41", 338, 28]
["16:36:41", 338, 28]
["16:36:42", 338, 28]
["16:36:42", 338, 28]
["16:36:43", 336, 31]
["16:36:44", 334, 35]
["16:36:44", 332, 37]
["16:36:45", 331, 39]
["16:36:45", 330, 41]
["16:36:46", 329, 42]
["16:36:46", 327, 45]
["16:36:47", 324, 49]
["16:36:47", 323, 51]
["16:36:48", 320, 56]
["16:36:48", 319, 58]
["16:36:49", 317, 61]
["16:36:49", 317, 61]
["16:36:50", 317, 61]
["16:36:50", 317, 61]
["16:36:51", 316, 62]
["16:36:51", 316, 62]
["16:36:52", 316, 62]
["16:36:52", 316, 62]
["16:36:53", 316, 63]
["16:36:53", 316, 63]
["16:36:54", 316, 63]
["16:36:54", 315, 64]
["16:36:55", 315, 64]
["16:36:55", 315, 64]
["16:36:56", 313, 67]
["16:36:56", 310, 71]
["16:36:57", 307, 76]
["16:36:57", 305, 80]
["16:36:58", 303, 83]
["16:36:58", 299, 88]
["16:36:59", 298, 90]
["16:36:59", 296, 93]
["16:37:00", 294, 97]
["16:37:00", 293, 98]
["16:37:01", 292, 100]
["16:37:01", 292, 100]
["16:37:02", 293, 100]
["16:37:02", 294, 100]
["16:37:03", 296, 99]
["16:37:03", 298, 99]
["16:37:04", 300, 98]
["16:37:05", 300, 100]
["16:37:05", 302, 100]
["16:37:06", 303, 100]
["16:37:06", 303, 99]
["16:37:07", 303, 99]
["16:37:07", 303, 98]
["16:37:08", 303, 99]
["16:37:08", 303, 100]
["16:37:09", 304, 100]
["16:37:09", 305, 100]
["16:37:10", 306, 100]
["16:37:10", 308, 99]
["16:37:11", 308, 100]
["16:37:11", 308, 99]
["16:37:12", 309, 98]
["16:37:12", 309, 98]
["16:37:13", 309, 99]
["16:37:13", 308, 100]
["16:37:14", 310, 100]
["16:37:14", 311, 100]
["16:37:15", 311, 100]
["16:37:15", 312, 99]
["16:37:16", 313, 98]
["16:37:16", 313, 98]
["16:37:17", 313, 98]
["16:37:17", 313, 98]
["16:37:18", 313, 98]
["16:37:18", 314, 97]
["16:37:19", 314, 97]
["16:37:19", 314, 97]
["16:37:20", 314, 97]
["16:37:20", 314, 97]
["16:37:21", 314, 97]
["16:37:21", 315, 96]
["16:37:22", 315, 96]
["16:37:22", 315, 96]
["16:37:23", 315, 96]
["16:37:23", 316, 96]
["16:37:24", 316, 96]
["16:37:24", 316, 96]
["16:37:25", 316, 96]
["16:37:25", 316, 96]
["16:37:26", 316, 96]
["16:37:27", 316, 97]
["16:37:27", 316, 97]
["16:37:28", 315, 98]
["16:37:28", 314, 100]
["16:37:29", 314, 100]
["16:37:29", 314, 100]
["16:37:30", 314, 100]
["16:37:30", 314, 100]
["16:37:31", 315, 100]
["16:37:31", 315, 100]
["16:37:32", 315, 100]
["16:37:32", 315, 100]
["16:37:33", 315, 99]
["16:37:33", 316, 99]
["16:37:34", 316, 99]
["16:37:34", 316, 99]
["16:37:35", 316, 99]
["16:37:35", 316, 98]
["16:37:36", 316, 97]
["16:37:36", 316, 97]
["16:37:37", 316, 97]
["16:37:37", 316, 97]
["16:37:38", 316, 96]
["16:37:38", 316, 96]
["16:37:39", 316, 96]
["16:37:39", 317, 96]
["16:37:40", 317, 96]
["16:37:40", 317, 96]
["16:37:41", 317, 96]
["16:37:41", 317, 96]
["16:37:42", 317, 96]
["16:37:42", 317, 96]
["16:37:43", 318, 96]
["16:37:43", 318, 96]
["16:37:44", 318, 96]
["16:37:44", 318, 96]
["16:37:45", 317, 98]
["16:37:46", 317, 99]
["16:37:46", 316, 99]
["16:37:47", 317, 98]
["16:37:47", 317, 98]
["16:37:48", 317, 98]
["16:37:48", 317, 98]
["16:37:49", 317, 98]
["16:37:49", 317, 98]
["16:37:50", 318, 98]
["16:37:50", 318, 98]
["16:37:51", 318, 98]
["16:37:51", 318, 98]
["16:37:52", 318, 98]
["16:37:52", 319, 98]
["16:37:53", 319, 98]
["16:37:53", 319, 98]
["16:37:54", 319, 98]
["16:37:54", 320, 97]
["16:37:55", 320, 97]
["16:37:55", 320, 97]
["16:37:56", 320, 97]
["16:37:56", 320, 97]
["16:37:57", 320, 97]
["16:37:57", 321, 97]
["16:37:58", 321, 97]
["16:37:58", 321, 97]
["16:37:59", 321, 97]
["16:37:59", 322, 96]
["16:38:00", 322, 96]
["16:38:00", 322, 96]
["16:38:01", 322, 96]
["16:38:01", 323, 96]
["16:38:02", 323, 96]
["16:38:02", 323, 96]
["16:38:03", 323, 96]
["16:38:03", 323, 96]
["16:38:04", 323, 96]
["16:38:04", 324, 95]
["16:38:05", 324, 95]
["16:38:05", 324, 95]
["16:38:06", 324, 95]
["16:38:07", 324, 95]
["16:38:07", 324, 95]
["16:38:08", 324, 95]
["16:38:08", 324, 95]
["16:38:09", 324, 95]
["16:38:09", 325, 94]
["16:38:10", 325, 94]
["16:38:10", 325, 94]
["16:38:11", 325, 94]
["16:38:11", 325, 94]
["16:38:12", 325, 94]
["16:38:12", 325, 94]
["16:38:13", 325, 94]
["16:38:13", 326, 93]
["16:38:14", 326, 93]
["16:38:14", 326, 93]
["16:38:15", 326, 93]
["16:38:15", 326, 93]
["16:38:16", 326, 93]
["16:38:16", 327, 92]
["16:38:17", 327, 92]
["16:38:17", 327, 92]
["16:38:18", 327, 92]
["16:38:18", 327, 92]
["16:38:19", 328, 92]
["16:38:19", 328, 92]
["16:38:20", 328, 92]
["16:38:20", 328, 92]
["16:38:21", 328, 92]
["16:38:21", 329, 92]
["16:38:22", 329, 92]
["16:38:22", 329, 92]
["16:38:23", 329, 92]
["16:38:23", 329, 92]
["16:38:24", 329, 92]
["16:38:24", 329, 92]
["16:38:25", 329, 92]
["16:38:25", 329, 92]
["16:38:26", 329, 92]
["16:38:27", 329, 92]
["16:38:27", 329, 92]
["16:38:28", 329, 92]
["16:38:28", 329, 92]
["16:38:29", 329, 92]
["16:38:29", 329, 92]
["16:38:30", 329, 92]
["16:38:30", 329, 92]
["16:38:31", 329, 92]
["16:38:31", 329, 92]
["16:38:32", 329, 92]
["16:38:32", 329, 92]
["16:38:33", 329, 92]
["16:38:33", 329, 92]
["16:38:34", 329, 92]
["16:38:34", 329, 92]
["16:38:35", 329, 92]
["16:38:35", 329, 92]
["16:38:36", 329, 92]
["16:38:36", 329, 92]
["16:38:37", 329, 92]
["16:38:37", 329, 92]
["16:38:38", 329, 92]
["16:38:38", 329, 92]
["16:38:39", 329, 92]
["16:38:39", 330, 92]
["16:38:40", 330, 92]
["16:38:40", 330, 92]
["16:38:41", 330, 92]
["16:38:41", 330, 92]
["16:38:42", 330, 92]
["16:38:42", 330, 92]
["16:38:43", 330, 92]
["16:38:43", 330, 92]
["16:38:44", 331, 91]
["16:38:44", 331, 91]
["16:38:45", 331, 91]
["16:38:45", 331, 91]
["16:38:46", 331, 91]
["16:38:47", 331, 91]
["16:38:47", 332, 91]
["16:38:48", 332, 91]
["16:38:48", 332, 91]
["16:38:49", 332, 91]
["16:38:49", 332, 91]
["16:38:50", 333, 91]
["16:38:50", 333, 91]
["16:38:51", 333, 91]
["16:38:51", 333, 91]
["16:38:52", 333, 91]
["16:38:52", 334, 91]
["16:38:53", 334, 91]
["16:38:53", 334, 91]
["16:38:54", 334, 91]
["16:38:54", 335, 90]
["16:38:55", 335, 90]
["16:38:55", 335, 90]
["16:38:56", 335, 90]
["16:38:56", 335, 90]
["16:38:57", 336, 90]
["16:38:57", 336, 90]
["16:38:58", 336, 90]
["16:38:58", 336, 90]
["16:38:59", 337, 89]
["16:38:59", 337, 89]
["16:39:00", 337, 89]
["16:39:00", 337, 89]
["16:39:01", 337, 89]
["16:39:01", 337, 89]
["16:39:02", 338, 88]
["16:39:02", 338, 88]
["16:39:03", 338, 88]
["16:39:03", 338, 88]
["16:39:04", 338, 88]
["16:39:04", 338, 88]
["16:39:05", 339, 87]
["16:39:05", 339, 87]
["16:39:06", 339, 87]
["16:39:06", 339, 87]
["16:39:07", 339, 87]
["16:39:08", 339, 87]
["16:39:08", 339, 87]
["16:39:09", 339, 87]
["16:39:09", 340, 87]
["16:39:10", 340, 87]
["16:39:10", 340, 87]
["16:39:11", 340, 87]
["16:39:11", 341, 86]
["16:39:12", 341, 86]
["16:39:12", 341, 86]
["16:39:13", 341, 86]
["16:39:13", 341, 86]
["16:39:14", 341, 86]
["16:39:14", 342, 86]
["16:39:15", 342, 86]
["16:39:15", 342, 86]
["16:39:16", 342, 86]
["16:39:16", 343, 85]
["16:39:17", 344, 83]
["16:39:17", 345, 81]
["16:39:18", 345, 81]
["16:39:18", 345, 81]
["16:39:19", 345, 81]
["16:39:19", 345, 81]
["16:39:20", 346, 81]
["16:39:20", 346, 81]
["16:39:21", 346, 81]
["16:39:21", 346, 81]
["16:39:22", 346, 81]
["16:39:22", 347, 79]
["16:39:23", 347, 79]
["16:39:23", 347, 79]
["16:39:24", 347, 79]
["16:39:24", 347, 79]
["16:39:25", 348, 79]
["16:39:25", 348, 79]
["16:39:26", 348, 79]
["16:39:26", 348, 79]
["16:39:27", 348, 79]
["16:39:27", 348, 78]
["16:39:28", 348, 78]
["16:39:29", 348, 78]
["16:39:29", 348, 78]
["16:39:30", 348, 78]
["16:39:30", 348, 78]
["16:39:31", 348, 78]
["16:39:31", 348, 78]
["16:39:32", 348, 78]
["16:39:32", 348, 78]
["16:39:33", 348, 78]
["16:39:33", 348, 78]
["16:39:34", 348, 78]
["16:39:34", 348, 78]
["16:39:35", 348, 78]
["16:39:35", 348, 78]
["16:39:36", 348, 78]
["16:39:36", 348, 78]
["16:39:37", 348, 78]
["16:39:37", 348, 78]
["16:39:38", 348, 78]
["16:39:38", 348, 78]
["16:39:39", 348, 78]
["16:39:39", 348, 78]
["16:39:40", 349, 76]
["16:39:40", 349, 76]
["16:39:41", 349, 76]
["16:39:41", 349, 76]
["16:39:42", 350, 76]
["16:39:42", 350, 76]
["16:39:43", 350, 76]
["16:39:43", 350, 76]
["16:39:44", 350, 76]
["16:39:44", 351, 75]
["16:39:45", 351, 75]
["16:39:45", 351, 75]
["16:39:46", 351, 75]
["16:39:47", 351, 75]
["16:39:47", 352, 75]
["16:39:48", 352, 75]
["16:39:48", 352, 75]
["16:39:49", 352, 75]
["16:39:49", 353, 73]
["16:39:50", 354, 71]
["16:39:50", 356, 68]
["16:39:51", 357, 66]
["16:39:51", 357, 66]
["16:39:52", 357, 66]
["16:39:52", 357, 66]
["16:39:53", 358, 66]
["16:39:53", 358, 66]
["16:39:54", 358, 66]
["16:39:54", 358, 66]
["16:39:55", 358, 66]
["16:39:55", 359, 66]
["16:39:56", 359, 66]
["16:39:56", 359, 66]
["16:39:57", 359, 66]
["16:39:57", 359, 66]
["16:39:58", 360, 65]
["16:39:58", 360, 65]
["16:39:59", 360, 65]
["16:39:59", 360, 65]
["16:40:00", 361, 64]
["16:40:00", 361, 64]
["16:40:01", 361, 64]
["16:40:01", 361, 64]
["16:40:02", 361, 64]
["16:40:02", 362, 63]
["16:40:03", 362, 63]
["16:40:03", 362, 63]
["16:40:04", 362, 63]
["16:40:04", 362, 63]
["16:40:05", 363, 63]
["16:40:06", 363, 63]
["16:40:06", 363, 63]
["16:40:07", 363, 63]
["16:40:07", 364, 63]
["16:40:08", 364, 63]
["16:40:08", 364, 63]
["16:40:09", 364, 63]
["16:40:09", 364, 63]
["16:40:10", 365, 62]
["16:40:10", 365, 62]
["16:40:11", 365, 62]
["16:40:11", 365, 62]
["16:40:12", 366, 62]
["16:40:12", 366, 62]
["16:40:13", 366, 62]
["16:40:13", 366, 62]
["16:40:14", 366, 62]
["16:40:14", 366, 62]
["16:40:15", 367, 61]
["16:40:15", 367, 61]
["16:40:16", 367, 61]
["16:40:16", 367, 61]
["16:40:17", 368, 61]
["16:40:17", 368, 61]
["16:40:18", 368, 61]
["16:40:18", 368, 61]
["16:40:19", 368, 61]
["16:40:19", 368, 61]
["16:40:20", 368, 61]
["16:40:20", 368, 61]
["16:40:21", 368, 60]
["16:40:21", 368, 60]
["16:40:22", 368, 60]
["16:40:22", 368, 60]
["16:40:23", 368, 60]
["16:40:23", 368, 59]
["16:40:24", 368, 58]
["16:40:24", 368, 58]
["16:40:25", 368, 58]
["16:40:26", 368, 58]
["16:40:26", 368, 58]
["16:40:27", 368, 58]
["16:40:27", 368, 58]
["16:40:28", 368, 58]
["16:40:28", 368, 58]
["16:40:29", 368, 58]
["16:40:29", 368, 58]
["16:40:30", 368, 58]
["16:40:30", 368, 57]
["16:40:31", 368, 57]
["16:40:31", 368, 57]
["16:40:32", 368, 57]
["16:40:32", 368, 57]
["16:40:33", 368, 57]
["16:40:33", 368, 57]
["16:40:34", 368, 57]
["16:40:34", 368, 57]
["16:40:35", 368, 57]
["16:40:35", 368, 57]
["16:40:36", 368, 57]
["16:40:36", 368, 57]
["16:40:37", 368, 57]
["16:40:37", 369, 56]
["16:40:38", 369, 56]
["16:40:38", 369, 56]
["16:40:39", 369, 56]
["16:40:39", 369, 56]
["16:40:40", 370, 55]
["16:40:40", 370, 55]
["16:40:41", 370, 54]
["16:40:41", 370, 54]
["16:40:42", 370, 54]
["16:40:43", 370, 54]
["16:40:43", 370, 54]
["16:40:44", 371, 52]
["16:40:44", 371, 52]
["16:40:45", 371, 52]
["16:40:45", 371, 52]
["16:40:46", 371, 52]
["16:40:46", 372, 52]
["16:40:47", 372, 52]
["16:40:47", 372, 52]
["16:40:48", 372, 52]
["16:40:48", 373, 52]
["16:40:49", 373, 52]
["16:40:49", 373, 52]
["16:40:50", 373, 52]
["16:40:50", 373, 52]
["16:40:51", 374, 51]
["16:40:51", 374, 50]
["16:40:52", 374, 50]
["16:40:52", 375, 50]
["16:40:53", 375, 50]
["16:40:53", 375, 50]
["16:40:54", 375, 50]
["16:40:54", 376, 50]
["16:40:55", 376, 50]
["16:40:55", 376, 50]
["16:40:56", 376, 50]
["16:40:56", 376, 50]
["16:40:57", 376, 50]
["16:40:57", 377, 50]
["16:40:58", 377, 49]
["16:40:58", 377, 49]
["16:40:59", 377, 49]
["16:40:59", 378, 49]
["16:41:00", 378, 48]
["16:41:00", 378, 48]
["16:41:01", 378, 48]
["16:41:01", 378, 48]
["16:41:02", 379, 47]
["16:41:02", 379, 47]
["16:41:03", 379, 47]
["16:41:03", 379, 47]
["16:41:04", 380, 47]
["16:41:04", 380, 47]
["16:41:05", 380, 47]
["16:41:06", 380, 47]
["16:41:06", 380, 47]
["16:41:07", 381, 45]
["16:41:07", 381, 44]
["16:41:08", 381, 44]
["16:41:08", 381, 44]
["16:41:09", 381, 44]
["16:41:09", 382, 43]
["16:41:10", 382, 43]
["16:41:10", 382, 43]
["16:41:11", 382, 43]
["16:41:11", 382, 43]
["16:41:12", 383, 41]
["16:41:12", 383, 41]
["16:41:13", 383, 41]
["16:41:13", 383, 41]
["16:41:14", 383, 41]
["16:41:14", 384, 40]
["16:41:15", 384, 40]
["16:41:15", 384, 40]
["16:41:16", 384, 40]
["16:41:16", 384, 40]
["16:41:17", 385, 39]
["16:41:17", 385, 39]
["16:41:18", 385, 39]
["16:41:18", 385, 39]
["16:41:19", 385, 39]
["16:41:19", 386, 39]
["16:41:20", 386, 39]
["16:41:20", 386, 39]
["16:41:21", 386, 39]
["16:41:21", 387, 39]
["16:41:22", 387, 39]
["16:41:22", 387, 39]
["16:41:23", 387, 39]
["16:41:23", 387, 38]
["16:41:24", 388, 37]
["16:41:24", 388, 37]
["16:41:25", 388, 37]
["16:41:25", 388, 37]
["16:41:26", 388, 37]
["16:41:26", 389, 37]
["16:41:27", 389, 37]
["16:41:27", 389, 37]
["16:41:28", 389, 37]
["16:41:28", 390, 36]
["16:41:29", 390, 36]
["16:41:29", 390, 36]
["16:41:30", 390, 36]
["16:41:30", 390, 36]
["16:41:31", 391, 36]
["16:41:32", 391, 36]
["16:41:32", 391, 36]
["16:41:33", 391, 36]
["16:41:33", 391, 36]
["16:41:34", 391, 36]
["16:41:34", 391, 36]
["16:41:35", 391, 36]
["16:41:35", 391, 36]
["16:41:36", 391, 36]
["16:41:36", 391, 36]
["16:41:37", 391, 36]
["16:41:37", 391, 36]
["16:41:38", 391, 36]
["16:41:38", 391, 36]
["16:41:39", 391, 36]
["16:41:39", 392, 36]
["16:41:40", 392, 36]
["16:41:40", 392, 36]
["16:41:41", 392, 36]
["16:41:41", 392, 36]
["16:41:42", 393, 36]
["16:41:42", 393, 36]
["16:41:43", 393, 36]
["16:41:43", 393, 36]
["16:41:44", 394, 36]
["16:41:44", 394, 36]
["16:41:45", 394, 36]
["16:41:45", 394, 36]
["16:41:46", 395, 36]
["16:41:46", 395, 36]
["16:41:47", 395, 36]
["16:41:47", 395, 36]
["16:41:48", 395, 36]
["16:41:48", 396, 35]
["16:41:49", 396, 35]
["16:41:49", 396, 35]
["16:41:50", 396, 35]
["16:41:50", 397, 34]
["16:41:51", 397, 34]
["16:41:51", 397, 34]
["16:41:52", 397, 34]
["16:41:52", 397, 34]
["16:41:53", 397, 34]
["16:41:54", 397, 34]
["16:41:54", 397, 34]
["16:41:55", 397, 34]
["16:41:55", 397, 34]
["16:41:56", 397, 34]
["16:41:56", 397, 34]
["16:41:57", 397, 34]
["16:41:57", 397, 34]
["16:41:58", 397, 34]
["16:41:58", 397, 34]
["16:41:59", 397, 34]
["16:41:59", 397, 34]
["16:42:00", 397, 34]
["16:42:00", 397, 34]
["16:42:01", 397, 34]
["16:42:01", 397, 34]
["16:42:02", 397, 34]
["16:42:02", 397, 34]
["16:42:03", 397, 34]
["16:42:03", 397, 34]
["16:42:04", 397, 34]
["16:42:04", 397, 34]
["16:42:05", 397, 34]
["16:42:05", 397, 34]
["16:42:06", 397, 34]
["16:42:06", 397, 34]
["16:42:07", 397, 34]
["16:42:07", 397, 34]
["16:42:08", 397, 34]
["16:42:08", 397, 34]
["16:42:09", 397, 34]
["16:42:09", 398, 34]
["16:42:10", 398, 34]
["16:42:11", 398, 34]
["16:42:11", 398, 34]
["16:42:12", 398, 34]
["16:42:12", 398, 34]
["16:42:13", 399, 34]
["16:42:13", 399, 34]
["16:42:14", 399, 34]
["16:42:14", 399, 33]
["16:42:15", 399, 33]
["16:42:15", 399, 32]
["16:42:16", 399, 32]
["16:42:16", 399, 32]
["16:42:17", 399, 32]
["16:42:17", 399, 32]
["16:42:18", 399, 32]
["16:42:18", 400, 30]
["16:42:19", 400, 30]
["16:42:19", 400, 30]
["16:42:20", 400, 30]
["16:42:20", 400, 30]
["16:42:21", 400, 30]
["16:42:21", 400, 30]
["16:42:22", 400, 30]
["16:42:22", 400, 30]
["16:42:23", 400, 30]
["16:42:23", 401, 29]
["16:42:24", 401, 29]
["16:42:24", 401, 29]
["16:42:25", 401, 29]
["16:42:25", 401, 29]
["16:42:26", 402, 28]
["16:42:26", 402, 28]
["16:42:27", 402, 28]
["16:42:27", 402, 28]
["16:42:28", 402, 27]
["16:42:28", 403, 27]
["16:42:29", 403, 27]
["16:42:30", 403, 27]
["16:42:30", 403, 27]
["16:42:31", 403, 27]
["16:42:31", 404, 27]
["16:42:32", 404, 27]
["16:42:32", 404, 27]
["16:42:33", 404, 26]
["16:42:33", 405, 25]
["16:42:34", 405, 25]
["16:42:34", 405, 25]
["16:42:35", 405, 25]
["16:42:35", 405, 25]
["16:42:36", 405, 25]
["16:42:36", 406, 24]
["16:42:37", 406, 24]
["16:42:37", 406, 24]
["16:42:38", 406, 24]
["16:42:38", 406, 23]
["16:42:39", 406, 23]
["16:42:39", 407, 23]
["16:42:40", 407, 23]
["16:42:40", 407, 23]
["16:42:41", 407, 23]
["16:42:41", 407, 24]
["16:42:42", 404, 28]
["16:42:42", 402, 31]
["16:42:43", 400, 33]
["16:42:43", 399, 35]
["16:42:44", 399, 35]
["16:42:44", 399, 35]
["16:42:45", 399, 35]
["16:42:45", 400, 35]
["16:42:46", 400, 35]
["16:42:46", 400, 35]
["16:42:47", 400, 35]
["16:42:47", 400, 35]
["16:42:48", 401, 35]
["16:42:48", 401, 35]
["16:42:49", 401, 35]
["16:42:49", 401, 35]
["16:42:50", 402, 34]
["16:42:51", 402, 34]
["16:42:51", 402, 34]
["16:42:52", 402, 34]
["16:42:52", 402, 34]
["16:42:53", 403, 33]
["16:42:53", 403, 33]
["16:42:54", 403, 33]
["16:42:54", 403, 33]
["16:42:55", 403, 33]
["16:42:55", 404, 33]
["16:42:56", 404, 33]
["16:42:56", 404, 33]
["16:42:57", 404, 33]
["16:42:57", 404, 33]
["16:42:58", 405, 33]
["16:42:58", 405, 33]
["16:42:59", 405, 33]
["16:42:59", 405, 33]
["16:43:00", 406, 33]
["16:43:00", 406, 33]
["16:43:01", 406, 33]
["16:43:01", 406, 33]
["16:43:02", 407, 33]
["16:43:02", 407, 33]
["16:43:03", 407, 33]
["16:43:03", 407, 33]
["16:43:04", 408, 33]
["16:43:04", 408, 33]
["16:43:05", 408, 33]
["16:43:05", 408, 33]
["16:43:06", 409, 33]
["16:43:06", 409, 33]
["16:43:07", 409, 33]
["16:43:08", 409, 33]
["16:43:08", 410, 33]
["16:43:09", 410, 32]
["16:43:09", 410, 32]
["16:43:10", 410, 32]
["16:43:10", 410, 32]
["16:43:11", 410, 32]
["16:43:11", 411, 32]
["16:43:12", 411, 32]
["16:43:12", 411, 32]
["16:43:13", 411, 32]
["16:43:13", 411, 32]
["16:43:14", 412, 32]
["16:43:14", 412, 32]
["16:43:15", 412, 32]
["16:43:15", 412, 32]
["16:43:16", 413, 32]
["16:43:16", 413, 32]
["16:43:17", 413, 32]
["16:43:17", 413, 32]
["16:43:18", 413, 32]
["16:43:18", 413, 31]
["16:43:19", 413, 31]
["16:43:19", 413, 31]
["16:43:20", 413, 31]
["16:43:20", 413, 30]
["16:43:21", 414, 30]
["16:43:21", 414, 30]
["16:43:22", 414, 30]
["16:43:22", 414, 30]
["16:43:23", 414, 30]
["16:43:23", 414, 30]
["16:43:24", 414, 30]
["16:43:24", 414, 30]
["16:43:25", 414, 29]
["16:43:25", 414, 29]
["16:43:26", 414, 29]
["16:43:27", 414, 29]
["16:43:27", 414, 29]
["16:43:28", 414, 29]
["16:43:28", 414, 29]
["16:43:29", 414, 29]
["16:43:29", 414, 29]
["16:43:30", 414, 29]
["16:43:30", 414, 29]
["16:43:31", 414, 29]
["16:43:31", 414, 29]
["16:43:32", 414, 29]
["16:43:32", 414, 28]
["16:43:33", 414, 28]
["16:43:33", 414, 28]
["16:43:34", 414, 28]
["16:43:34", 414, 28]
["16:43:35", 414, 28]
["16:43:35", 414, 28]
["16:43:36", 414, 28]
["16:43:36", 414, 28]
["16:43:37", 414, 28]
["16:43:37", 414, 28]
["16:43:38", 414, 27]
["16:43:38", 414, 27]
["16:43:39", 414, 27]
["16:43:39", 414, 27]
["16:43:40", 414, 27]
["16:43:40", 415, 26]
["16:43:41", 415, 26]
["16:43:41", 415, 26]
["16:43:42", 415, 26]
["16:43:42", 416, 26]
["16:43:43", 416, 26]
["16:43:43", 416, 26]
["16:43:44", 416, 26]
["16:43:44", 417, 26]
["16:43:45", 417, 26]
["16:43:45", 417, 26]
["16:43:46", 417, 26]
["16:43:46", 418, 26]
["16:43:47", 418, 26]
["16:43:48", 418, 26]
["16:43:48", 418, 26]
["16:43:49", 419, 25]
["16:43:49", 420, 24]
["16:43:50", 420, 24]
["16:43:50", 420, 24]
["16:43:51", 420, 24]
["16:43:51", 421, 24]
["16:43:52", 421, 24]
["16:43:52", 421, 24]
["16:43:53", 421, 24]
["16:43:53", 421, 24]
["16:43:54", 422, 24]
["16:43:54", 422, 24]
["16:43:55", 422, 24]
["16:43:55", 422, 24]
["16:43:56", 423, 24]
["16:43:56", 423, 24]
["16:43:57", 423, 24]
["16:43:57", 423, 24]
["16:43:58", 423, 24]
["16:43:58", 423, 24]
["16:43:59", 423, 24]
["16:43:59", 423, 24]
["16:44:00", 423, 24]
["16:44:00", 423, 24]
["16:44:01", 423, 24]
["16:44:01", 423, 24]
["16:44:02", 423, 24]
["16:44:02", 423, 24]
["16:44:03", 423, 24]
["16:44:03", 423, 24]
["16:44:04", 423, 24]
["16:44:04", 423, 24]
["16:44:05", 423, 24]
["16:44:05", 423, 24]
["16:44:06", 423, 24]
["16:44:06", 423, 24]
["16:44:07", 423, 24]
["16:44:08", 423, 24]
["16:44:08", 423, 24]
["16:44:09", 423, 24]
["16:44:09", 423, 24]
["16:44:10", 423, 24]
["16:44:10", 423, 24]
["16:44:11", 423, 24]
["16:44:11", 423, 24]
["16:44:12", 423, 24]
["16:44:12", 423, 24]
["16:44:13", 423, 24]
["16:44:13", 423, 24]
["16:44:14", 423, 24]
["16:44:14", 423, 24]
["16:44:15", 423, 24]
["16:44:15", 423, 24]
["16:44:16", 423, 24]
["16:44:16", 423, 24]
["16:44:17", 424, 24]
["16:44:17", 424, 24]
["16:44:18", 424, 24]
["16:44:18", 424, 24]
["16:44:19", 424, 24]
["16:44:19", 425, 24]
["16:44:20", 425, 24]
["16:44:20", 425, 24]
["16:44:21", 425, 24]
["16:44:21", 426, 23]
["16:44:22", 426, 23]
["16:44:22", 426, 23]
["16:44:23", 426, 23]
["16:44:23", 427, 23]
["16:44:24", 427, 23]
["16:44:24", 427, 23]
["16:44:25", 427, 23]
["16:44:25", 428, 22]
["16:44:26", 428, 22]
["16:44:27", 428, 21]
["16:44:27", 428, 21]
["16:44:28", 428, 21]
["16:44:28", 429, 21]
["16:44:29", 429, 20]
["16:44:29", 429, 20]
["16:44:30", 429, 20]
["16:44:30", 430, 20]
["16:44:31", 430, 19]
["16:44:31", 430, 19]
["16:44:32", 430, 19]
["16:44:32", 431, 19]
["16:44:33", 431, 19]
["16:44:33", 431, 18]
["16:44:34", 431, 18]
["16:44:34", 431, 18]
["16:44:35", 432, 18]
["16:44:35", 432, 17]
["16:44:36", 432, 17]
["16:44:36", 432, 17]
["16:44:37", 433, 16]
["16:44:37", 433, 16]
["16:44:38", 433, 16]
["16:44:38", 433, 16]
["16:44:39", 434, 15]
["16:44:39", 434, 15]
["16:44:40", 434, 15]
["16:44:40", 434, 15]
["16:44:41", 434, 15]
["16:44:41", 435, 15]
["16:44:42", 435, 14]
["16:44:42", 435, 14]
["16:44:43", 435, 14]
["16:44:44", 436, 14]
["16:44:44", 436, 14]
["16:44:45", 436, 14]
["16:44:45", 436, 14]
["16:44:46", 437, 14]
["16:44:46", 437, 14]
["16:44:47", 437, 14]
["16:44:47", 437, 14]
["16:44:48", 438, 14]
["16:44:48", 438, 14]
["16:44:49", 438, 14]
["16:44:49", 438, 14]
["16:44:50", 439, 14]
["16:44:50", 439, 14]
["16:44:51", 439, 14]
["16:44:51", 439, 14]
["16:44:52", 439, 14]
["16:44:52", 440, 14]
["16:44:53", 440, 14]
["16:44:53", 440, 14]
["16:44:54", 440, 14]
["16:44:54", 440, 14]
["16:44:55", 440, 14]
["16:44:55", 440, 14]
["16:44:56", 440, 14]
["16:44:56", 441, 14]
["16:44:57", 441, 14]
["16:44:57", 441, 14]
["16:44:58", 441, 14]
["16:44:58", 441, 14]
["16:44:59", 442, 14]
["16:44:59", 442, 14]
["16:45:00", 442, 14]
["16:45:00", 442, 14]
["16:45:01", 442, 14]
["16:45:02", 443, 14]
["16:45:02", 443, 14]
["16:45:03", 443, 14]
["16:45:03", 443, 14]
["16:45:04", 443, 14]
["16:45:04", 443, 14]
["16:45:05", 443, 14]
["16:45:05", 443, 14]
["16:45:06", 443, 14]
["16:45:06", 444, 14]
["16:45:07", 444, 14]
["16:45:07", 444, 14]
["16:45:08", 444, 14]
["16:45:08", 444, 14]
["16:45:09", 445, 14]
["16:45:09", 445, 14]
["16:45:10", 445, 14]
["16:45:10", 445, 14]
["16:45:11", 446, 14]
["16:45:11", 446, 14]
["16:45:12", 446, 14]
["16:45:12", 446, 14]
["16:45:13", 447, 14]
["16:45:13", 447, 14]
["16:45:14", 447, 14]
["16:45:14", 447, 14]
["16:45:15", 448, 14]
["16:45:15", 448, 14]
["16:45:16", 448, 14]
["16:45:16", 448, 14]
["16:45:17", 449, 14]
["16:45:17", 449, 14]
["16:45:18", 449, 14]
["16:45:18", 449, 14]
["16:45:19", 450, 14]
["16:45:19", 450, 14]
["16:45:20", 450, 14]
["16:45:20", 450, 14]
["16:45:21", 450, 14]
["16:45:22", 451, 14]
["16:45:22", 451, 14]
["16:45:23", 451, 14]
["16:45:23", 451, 14]
["16:45:24", 451, 14]
["16:45:24", 452, 14]
["16:45:25", 452, 14]
["16:45:25", 452, 14]
["16:45:26", 452, 14]
["16:45:26", 452, 14]
["16:45:27", 452, 14]
["16:45:27", 452, 14]
["16:45:28", 452, 14]
["16:45:28", 452, 14]
["16:45:29", 452, 14]
["16:45:29", 453, 14]
["16:45:30", 453, 14]
["16:45:30", 453, 14]
["16:45:31", 453, 14]
["16:45:31", 454, 14]
["16:45:32", 454, 14]
["16:45:32", 454, 14]
["16:45:33", 454, 14]
["16:45:33", 455, 14]
["16:45:34", 455, 14]
["16:45:34", 455, 14]
["16:45:35", 455, 14]
["16:45:35", 456, 14]
["16:45:36", 456, 14]
["16:45:36", 456, 14]
["16:45:37", 456, 14]
["16:45:37", 457, 14]
["16:45:38", 457, 14]
["16:45:38", 457, 14]
["16:45:39", 457, 14]
["16:45:40", 457, 14]
["16:45:40", 457, 14]
["16:45:41", 457, 14]
["16:45:41", 457, 14]
["16:45:42", 457, 14]
["16:45:42", 457, 14]
["16:45:43", 457, 14]
["16:45:43", 458, 14]
["16:45:44", 458, 14]
["16:45:44", 458, 14]
["16:45:45", 458, 14]
["16:45:45", 458, 14]
["16:45:46", 458, 14]
["16:45:46", 459, 14]
["16:45:47", 459, 14]
["16:45:47", 459, 14]
["16:45:48", 459, 14]
["16:45:48", 460, 14]
["16:45:49", 460, 14]
["16:45:49", 460, 14]
["16:45:50", 460, 14]
["16:45:50", 460, 14]
["16:45:51", 457, 19]
["16:45:51", 455, 23]
["16:45:52", 453, 26]
["16:45:52", 453, 26]
["16:45:53", 453, 26]
["16:45:53", 453, 26]
["16:45:54", 454, 26]
["16:45:54", 454, 26]
["16:45:55", 454, 26]
["16:45:55", 454, 26]
["16:45:56", 455, 26]
["16:45:56", 455, 26]
["16:45:57", 455, 26]
["16:45:57", 455, 26]
["16:45:58", 455, 26]
["16:45:58", 456, 26]
["16:45:59", 456, 26]
["16:46:00", 456, 26]
["16:46:00", 456, 26]
["16:46:01", 454, 31]
["16:46:01", 451, 36]
["16:46:02", 449, 40]
["16:46:02", 446, 45]
["16:46:03", 443, 50]
["16:46:03", 440, 55]
["16:46:04", 437, 61]
["16:46:04", 434, 66]
["16:46:05", 432, 71]
["16:46:05", 429, 75]
["16:46:06", 427, 80]
["16:46:06", 426, 82]
["16:46:07", 424, 86]
["16:46:07", 421, 91]
["16:46:08", 419, 96]
["16:46:08", 417, 100]
["16:46:09", 420, 100]
["16:46:09", 422, 99]
["16:46:10", 424, 100]
["16:46:10", 429, 99]
["16:46:11", 429, 100]
["16:46:11", 433, 100]
["16:46:12", 435, 99]
["16:46:12", 437, 97]
["16:46:13", 441, 94]
["16:46:13", 438, 99]
["16:46:14", 441, 97]
["16:46:14", 444, 96]
["16:46:15", 446, 93]
["16:46:15", 444, 97]
["16:46:16", 444, 100]
["16:46:16", 445, 100]
["16:46:17", 445, 100]
["16:46:17", 445, 100]
["16:46:18", 446, 100]
["16:46:18", 448, 97]
["16:46:19", 447, 100]
["16:46:20", 448, 98]
["16:46:20", 448, 98]
["16:46:21", 448, 98]
["16:46:21", 448, 98]
["16:46:22", 449, 98]
["16:46:22", 449, 98]
["16:46:23", 449, 98]
["16:46:23", 449, 98]
["16:46:24", 449, 98]
["16:46:24", 449, 98]
["16:46:25", 449, 98]
["16:46:25", 449, 99]
["16:46:26", 449, 99]
["16:46:26", 449, 99]
["16:46:27", 449, 99]
["16:46:27", 449, 99]
["16:46:28", 449, 99]
["16:46:28", 450, 98]
["16:46:29", 450, 98]
["16:46:29", 450, 98]
["16:46:30", 450, 98]
["16:46:30", 450, 98]
["16:46:31", 451, 97]
["16:46:31", 451, 97]
["16:46:32", 451, 97]
["16:46:32", 451, 97]
["16:46:33", 452, 96]
["16:46:33", 452, 96]
["16:46:34", 452, 96]
["16:46:34", 452, 96]
["16:46:35", 452, 96]
["16:46:35", 453, 95]
["16:46:36", 453, 95]
["16:46:37", 453, 95]
["16:46:37", 453, 95]
["16:46:38", 453, 95]
["16:46:38", 454, 94]
["16:46:39", 454, 94]
["16:46:39", 454, 94]
["16:46:40", 454, 94]
["16:46:40", 454, 94]
["16:46:41", 454, 95]
["16:46:41", 453, 96]
["16:46:42", 454, 96]
["16:46:42", 454, 96]
["16:46:43", 454, 96]
["16:46:43", 454, 96]
["16:46:44", 455, 96]
["16:46:44", 455, 96]
["16:46:45", 455, 96]
["16:46:45", 455, 96]
["16:46:46", 455, 96]
["16:46:46", 456, 96]
["16:46:47", 456, 96]
["16:46:47", 456, 96]
["16:46:48", 456, 96]
["16:46:48", 456, 96]
["16:46:49", 457, 96]
["16:46:49", 457, 96]
["16:46:50", 457, 96]
["16:46:50", 457, 96]
["16:46:51", 457, 96]
["16:46:51", 457, 96]
["16:46:52", 457, 96]
["16:46:52", 457, 96]
["16:46:53", 457, 96]
["16:46:53", 457, 96]
["16:46:54", 457, 96]
["16:46:54", 457, 96]
["16:46:55", 457, 96]
["16:46:55", 457, 96]
["16:46:56", 457, 96]
["16:46:57", 457, 96]
["16:46:57", 457, 96]
["16:46:58", 457, 96]
["16:46:58", 457, 96]
["16:46:59", 458, 95]
["16:46:59", 458, 95]
["16:47:00", 458, 95]
["16:47:00", 458, 95]
["16:47:01", 458, 95]
["16:47:01", 459, 94]
["16:47:02", 459, 94]
["16:47:02", 459, 94]
["16:47:03", 459, 94]
["16:47:03", 460, 93]
["16:47:04", 460, 93]
["16:47:04", 460, 93]
["16:47:05", 460, 93]
["16:47:05", 461, 92]
["16:47:06", 461, 92]
["16:47:06", 461, 92]
["16:47:07", 461, 92]
["16:47:07", 461, 92]
["16:47:08", 461, 92]
["16:47:08", 461, 92]
["16:47:09", 462, 91]
["16:47:09", 462, 91]
["16:47:10", 462, 91]
["16:47:10", 462, 91]
["16:47:11", 462, 91]
["16:47:11", 462, 91]
["16:47:12", 462, 91]
["16:47:12", 463, 90]
["16:47:13", 463, 90]
["16:47:13", 463, 90]