["01:58:44", 469, 0]
["01:58:45", 469, 0]
["01:58:45", 469, 0]
["01:58:46", 469, 0]
["01:58:46", 469, 0]
["01:58:47", 469, 0]
["01:58:47", 469, 0]
["01:58:48", 469, 0]
["01:58:48", 469, 0]
["01:58:49", 469, 0]
["01:58:49", 469, 0]
["01:58:50", 469, 0]
["01:58:51", 469, 0]
["01:58:51", 469, 0]
["01:58:52", 469, 0]
["01:58:52", 469, 0]
["01:58:53", 469, 0]
["01:58:53", 469, 0]
["01:58:54", 469, 0]
["01:58:54", 469, 0]
["01:58:55", 469, 0]
["01:58:55", 469, 0]
["01:58:56", 469, 0]
["01:58:56", 469, 0]
["01:58:57", 469, 0]
["01:58:57", 469, 0]
["01:58:58", 469, 0]
["01:58:58", 469, 0]
["01:58:59", 470, 0]
["01:58:59", 470, 0]
["01:59:00", 470, 0]
["01:59:00", 470, 0]
["01:59:01", 470, 0]
["01:59:01", 470, 0]
["01:59:02", 470, 0]
["01:59:02", 470, 0]
["01:59:03", 470, 0]
["01:59:03", 470, 0]
["01:59:04", 470, 0]
["01:59:04", 470, 0]
["01:59:05", 472, 0]
["01:59:05", 472, 0]
["01:59:06", 472, 0]
["01:59:07", 473, 0]
["01:59:07", 473, 0]
["01:59:08", 473, 0]
["01:59:08", 474, 0]
["01:59:09", 474, 0]
["01:59:09", 475, 0]
["01:59:10", 475, 0]
["01:59:10", 475, 0]
["01:59:11", 475, 0]
["01:59:11", 475, 0]
["01:59:12", 475, 0]
["01:59:12", 475, 0]
["01:59:13", 475, 0]
["01:59:13", 476, 0]
["01:59:14", 476, 0]
["01:59:14", 476, 0]
["01:59:15", 476, 0]
["01:59:15", 476, 0]
["01:59:16", 477, 0]
["01:59:16", 477, 0]
["01:59:17", 477, 0]
["01:59:17", 477, 0]
["01:59:18", 479, 0]
["01:59:18", 481, 0]
["01:59:19", 483, 0]
["01:59:19", 484, 0]
["01:59:20", 486, 0]
["01:59:20", 487, 0]
["01:59:21", 489, 0]
["01:59:21", 490, 0]
["01:59:22", 490, 0]
["01:59:22", 491, 0]
["01:59:23", 492, 0]
["01:59:23", 493, 0]
["01:59:24", 493, 0]
["01:59:24", 495, 0]
["01:59:25", 496, 0]
["01:59:26", 497, 0]
["01:59:26", 498, 0]
["01:59:27", 499, 0]
["01:59:27", 500, 0]
["01:59:28", 501, 0]
["01:59:28", 502, 0]
["01:59:29", 503, 0]
["01:59:29", 504, 0]
["01:59:30", 506, 0]
["01:59:30", 506, 0]
["01:59:31", 508, 0]
["01:59:31", 509, 0]
["01:59:32", 511, 0]
["01:59:32", 512, 0]
["01:59:33", 513, 0]
["01:59:33", 514, 0]
["01:59:34", 516, 0]
["01:59:34", 516, 0]
["01:59:35", 517, 0]
["01:59:35", 519, 0]
["01:59:36", 519, 0]
["01:59:36", 519, 0]
["01:59:37", 519, 0]
["01:59:37", 520, 0]
["01:59:38", 521, 0]
["01:59:38", 523, 0]
["01:59:39", 525, 0]
["01:59:39", 526, 0]
["01:59:40", 528, 0]
["01:59:40", 529, 0]
["01:59:41", 462, 70]
["01:59:41", 460, 74]
["01:59:42", 458, 76]
["01:59:42", 455, 79]
["01:59:43", 449, 85]
["01:59:43", 441, 96]
["01:59:44", 437, 101]
["01:59:45", 435, 103]
["01:59:45", 424, 115]
["01:59:46", 418, 121]
["01:59:46", 407, 132]
["01:59:47", 401, 138]
["01:59:47", 390, 149]
["01:59:48", 389, 150]
["01:59:48", 389, 150]
["01:59:49", 378, 161]
["01:59:49", 375, 164]
["01:59:50", 370, 169]
["01:59:50", 359, 180]
["01:59:51", 351, 186]
["01:59:51", 343, 194]
["01:59:52", 338, 199]
["01:59:52", 328, 209]
["01:59:53", 321, 216]
["01:59:53", 319, 220]
["01:59:54", 317, 223]
["01:59:54", 314, 227]
["01:59:55", 312, 230]
["01:59:55", 313, 226]
["01:59:56", 312, 228]
["01:59:56", 309, 231]
["01:59:57", 309, 233]
["01:59:57", 305, 234]
["01:59:58", 304, 233]
["01:59:58", 304, 228]
["01:59:59", 304, 228]
["01:59:59", 304, 228]
["02:00:00", 304, 228]
["02:00:00", 305, 228]
["02:00:01", 305, 228]
["02:00:01", 305, 228]
["02:00:02", 305, 228]
["02:00:02", 306, 227]
["02:00:03", 307, 223]
["02:00:04", 307, 223]
["02:00:04", 307, 223]
["02:00:05", 307, 223]
["02:00:05", 308, 221]
["02:00:06", 308, 221]
["02:00:06", 308, 221]
["02:00:07", 308, 221]
["02:00:07", 308, 221]
["02:00:08", 308, 219]
["02:00:08", 308, 219]
["02:00:09", 308, 219]
["02:00:09", 308, 219]
["02:00:10", 308, 218]
["02:00:10", 308, 217]
["02:00:11", 308, 217]
["02:00:11", 308, 217]
["02:00:12", 309, 216]
["02:00:12", 309, 215]
["02:00:13", 309, 215]
["02:00:13", 309, 215]
["02:00:14", 310, 215]
["02:00:14", 310, 214]
["02:00:15", 310, 214]
["02:00:15", 310, 214]
["02:00:16", 311, 214]
["02:00:16", 311, 214]
["02:00:17", 311, 213]
["02:00:17", 311, 213]
["02:00:18", 311, 213]
["02:00:18", 312, 213]
["02:00:19", 312, 213]
["02:00:19", 312, 213]
["02:00:20", 312, 213]
["02:00:20", 313, 211]
["02:00:21", 313, 210]
["02:00:21", 313, 210]
["02:00:22", 313, 210]
["02:00:22", 314, 210]
["02:00:23", 314, 209]
["02:00:23", 314, 209]
["02:00:24", 314, 209]
["02:00:24", 314, 209]
["02:00:25", 315, 208]
["02:00:26", 315, 208]
["02:00:26", 315, 208]
["02:00:27", 315, 208]
["02:00:27", 316, 207]
["02:00:28", 316, 206]
["02:00:28", 316, 206]
["02:00:29", 316, 206]
["02:00:29", 316, 206]
["02:00:30", 317, 205]
["02:00:30", 318, 203]
["02:00:31", 318, 203]
["02:00:31", 318, 203]
["02:00:32", 318, 203]
["02:00:32", 319, 200]
["02:00:33", 319, 200]
["02:00:33", 319, 200]
["02:00:34", 319, 200]
["02:00:34", 319, 199]
["02:00:35", 320, 199]
["02:00:35", 320, 199]
["02:00:36", 320, 199]
["02:00:36", 320, 199]
["02:00:37", 320, 198]
["02:00:37", 321, 198]
["02:00:38", 321, 198]
["02:00:38", 321, 198]
["02:00:39", 321, 197]
["02:00:39", 323, 194]
["02:00:40", 323, 194]
["02:00:40", 323, 194]
["02:00:41", 323, 194]
["02:00:41", 323, 193]
["02:00:42", 324, 192]
["02:00:42", 324, 192]
["02:00:43", 324, 192]
["02:00:43", 324, 191]
["02:00:44", 325, 191]
["02:00:44", 325, 191]
["02:00:45", 325, 191]
["02:00:45", 325, 190]
["02:00:46", 325, 190]
["02:00:47", 326, 190]
["02:00:47", 326, 190]
["02:00:48", 326, 189]
["02:00:48", 326, 189]
["02:00:49", 327, 189]
["02:00:49", 327, 189]
["02:00:50", 327, 189]
["02:00:50", 327, 188]
["02:00:51", 327, 188]
["02:00:51", 329, 184]
["02:00:52", 329, 184]
["02:00:52", 329, 183]
["02:00:53", 329, 183]
["02:00:53", 329, 183]
["02:00:54", 330, 182]
["02:00:54", 330, 181]
["02:00:55", 330, 181]
["02:00:55", 330, 181]
["02:00:56", 331, 181]
["02:00:56", 331, 181]
["02:00:57", 331, 180]
["02:00:57", 331, 180]
["02:00:58", 332, 179]
["02:00:58", 333, 177]
["02:00:59", 333, 176]
["02:00:59", 333, 176]
["02:01:00", 333, 176]
["02:01:00", 333, 176]
["02:01:01", 334, 175]
["02:01:01", 334, 175]
["02:01:02", 334, 175]
["02:01:02", 334, 175]
["02:01:03", 335, 175]
["02:01:03", 335, 174]
["02:01:04", 335, 174]
["02:01:04", 335, 174]
["02:01:05", 335, 174]
["02:01:06", 336, 173]
["02:01:06", 336, 173]
["02:01:07", 336, 173]
["02:01:07", 336, 173]
["02:01:08", 337, 170]
["02:01:08", 338, 169]
["02:01:09", 336, 172]
["02:01:09", 335, 174]
["02:01:10", 333, 176]
["02:01:10", 333, 177]
["02:01:11", 334, 174]
["02:01:11", 336, 172]
["02:01:12", 336, 172]
["02:01:12", 336, 171]
["02:01:13", 336, 171]
["02:01:13", 337, 170]
["02:01:14", 337, 170]
["02:01:14", 337, 169]
["02:01:15", 337, 169]
["02:01:15", 337, 169]
["02:01:16", 338, 167]
["02:01:16", 340, 163]
["02:01:17", 340, 163]
["02:01:17", 340, 163]
["02:01:18", 340, 163]
["02:01:18", 340, 162]
["02:01:19", 341, 161]
["02:01:19", 341, 161]
["02:01:20", 341, 161]
["02:01:20", 341, 161]
["02:01:21", 341, 160]
["02:01:21", 342, 160]
["02:01:22", 342, 160]
["02:01:22", 342, 160]
["02:01:23", 342, 159]
["02:01:23", 343, 159]
["02:01:24", 343, 159]
["02:01:24", 343, 159]
["02:01:25", 343, 158]
["02:01:26", 344, 158]
["02:01:26", 344, 158]
["02:01:27", 344, 158]
["02:01:27", 344, 158]
["02:01:28", 344, 157]
["02:01:28", 345, 156]
["02:01:29", 345, 156]
["02:01:29", 345, 156]
["02:01:30", 345, 155]
["02:01:30", 346, 155]
["02:01:31", 346, 155]
["02:01:31", 346, 155]
["02:01:32", 346, 155]
["02:01:32", 347, 153]
["02:01:33", 347, 153]
["02:01:33", 347, 153]
["02:01:34", 347, 153]
["02:01:34", 347, 152]
["02:01:35", 348, 151]
["02:01:35", 348, 151]
["02:01:36", 348, 151]
["02:01:36", 348, 151]
["02:01:37", 348, 151]
["02:01:37", 349, 150]
["02:01:38", 349, 150]
["02:01:38", 349, 149]
["02:01:39", 349, 149]
["02:01:39", 349, 149]
["02:01:40", 350, 149]
["02:01:40", 350, 149]
["02:01:41", 350, 149]
["02:01:41", 350, 148]
["02:01:42", 351, 148]
["02:01:42", 351, 148]
["02:01:43", 351, 148]
["02:01:43", 351, 147]
["02:01:44", 351, 147]
["02:01:44", 351, 147]
["02:01:45", 351, 147]
["02:01:46", 351, 147]
["02:01:46", 352, 146]
["02:01:47", 352, 146]
["02:01:47", 352, 146]
["02:01:48", 352, 146]
["02:01:48", 352, 146]
["02:01:49", 353, 145]
["02:01:49", 353, 145]
["02:01:50", 353, 145]
["02:01:50", 353, 145]
["02:01:51", 354, 144]
["02:01:51", 354, 144]
["02:01:52", 354, 144]
["02:01:52", 354, 144]
["02:01:53", 354, 143]
["02:01:53", 354, 143]
["02:01:54", 355, 143]
["02:01:54", 355, 143]
["02:01:55", 355, 142]
["02:01:55", 355, 142]
["02:01:56", 355, 142]
["02:01:56", 356, 142]
["02:01:57", 356, 142]
["02:01:57", 356, 141]
["02:01:58", 356, 141]
["02:01:58", 356, 141]
["02:01:59", 357, 141]
["02:01:59", 357, 141]
["02:02:00", 357, 140]
["02:02:00", 357, 140]
["02:02:01", 358, 140]
["02:02:01", 358, 140]
["02:02:02", 358, 139]
["02:02:02", 358, 139]
["02:02:03", 358, 139]
["02:02:03", 359, 139]
["02:02:04", 359, 139]
["02:02:04", 359, 138]
["02:02:05", 359, 138]
["02:02:06", 360, 138]
["02:02:06", 360, 138]
["02:02:07", 360, 137]
["02:02:07", 360, 137]
["02:02:08", 360, 137]
["02:02:08", 361, 137]
["02:02:09", 361, 136]
["02:02:09", 361, 136]
["02:02:10", 361, 136]
["02:02:10", 362, 136]
["02:02:11", 362, 136]
["02:02:11", 362, 135]
["02:02:12", 362, 135]
["02:02:12", 363, 135]
["02:02:13", 363, 135]
["02:02:13", 363, 134]
["02:02:14", 363, 134]
["02:02:14", 364, 134]
["02:02:15", 364, 134]
["02:02:15", 364, 134]
["02:02:16", 364, 134]
["02:02:16", 365, 134]
["02:02:17", 365, 134]
["02:02:17", 365, 134]
["02:02:18", 365, 134]
["02:02:18", 366, 134]
["02:02:19", 366, 134]
["02:02:19", 366, 134]
["02:02:20", 366, 133]
["02:02:20", 366, 133]
["02:02:21", 367, 133]
["02:02:21", 367, 133]
["02:02:22", 367, 132]
["02:02:22", 367, 132]
["02:02:23", 368, 131]
["02:02:23", 368, 131]
["02:02:24", 368, 131]
["02:02:25", 368, 131]
["02:02:25", 369, 131]
["02:02:26", 369, 131]
["02:02:26", 369, 131]
["02:02:27", 369, 131]
["02:02:27", 370, 131]
["02:02:28", 370, 131]
["02:02:28", 370, 130]
["02:02:29", 370, 130]
["02:02:29", 372, 126]
["02:02:30", 373, 126]
["02:02:30", 373, 126]
["02:02:31", 373, 126]
["02:02:31", 373, 126]
["02:02:32", 375, 124]
["02:02:32", 375, 124]
["02:02:33", 375, 123]
["02:02:33", 375, 123]
["02:02:34", 376, 121]
["02:02:34", 376, 121]
["02:02:35", 376, 121]
["02:02:35", 376, 120]
["02:02:36", 376, 120]
["02:02:36", 377, 119]
["02:02:37", 377, 119]
["02:02:37", 377, 118]
["02:02:38", 377, 118]
["02:02:38", 378, 118]
["02:02:39", 378, 118]
["02:02:39", 378, 118]
["02:02:40", 378, 118]
["02:02:40", 378, 118]
["02:02:41", 379, 117]
["02:02:41", 379, 117]
["02:02:42", 379, 117]
["02:02:42", 379, 117]
["02:02:43", 380, 117]
["02:02:43", 380, 116]
["02:02:44", 380, 116]
["02:02:44", 380, 116]
["02:02:45", 380, 116]
["02:02:46", 381, 115]
["02:02:46", 381, 115]
["02:02:47", 381, 115]
["02:02:47", 381, 115]
["02:02:48", 382, 115]
["02:02:48", 382, 115]
["02:02:49", 382, 115]
["02:02:49", 382, 115]
["02:02:50", 383, 115]
["02:02:50", 383, 115]
["02:02:51", 383, 115]
["02:02:51", 383, 115]
["02:02:52", 384, 115]
["02:02:52", 384, 114]
["02:02:53", 384, 114]
["02:02:53", 384, 114]
["02:02:54", 385, 114]
["02:02:54", 385, 114]
["02:02:55", 385, 113]
["02:02:55", 385, 113]
["02:02:56", 386, 113]
["02:02:56", 386, 113]
["02:02:57", 386, 113]
["02:02:57", 386, 112]
["02:02:58", 386, 112]
["02:02:58", 387, 111]
["02:02:59", 387, 111]
["02:02:59", 387, 110]
["02:03:00", 387, 110]
["02:03:00", 388, 109]
["02:03:01", 388, 109]
["02:03:01", 388, 108]
["02:03:02", 388, 108]
["02:03:02", 389, 108]
["02:03:03", 389, 108]
["02:03:03", 389, 107]
["02:03:04", 389, 107]
["02:03:04", 389, 107]
["02:03:05", 390, 107]
["02:03:06", 390, 107]
["02:03:06", 390, 106]
["02:03:07", 390, 106]
["02:03:07", 391, 105]
["02:03:08", 391, 105]
["02:03:08", 391, 105]
["02:03:09", 391, 105]
["02:03:09", 392, 104]
["02:03:10", 392, 104]
["02:03:10", 392, 104]
["02:03:11", 392, 104]
["02:03:11", 392, 104]
["02:03:12", 392, 104]
["02:03:12", 393, 103]
["02:03:13", 393, 103]
["02:03:13", 393, 102]
["02:03:14", 393, 102]
["02:03:14", 394, 102]
["02:03:15", 394, 102]
["02:03:15", 394, 101]
["02:03:16", 394, 101]
["02:03:16", 394, 101]
["02:03:17", 395, 100]
["02:03:17", 395, 100]
["02:03:18", 395, 99]
["02:03:18", 395, 99]
["02:03:19", 396, 99]
["02:03:19", 396, 99]
["02:03:20", 396, 98]
["02:03:20", 396, 98]
["02:03:21", 397, 98]
["02:03:21", 397, 98]
["02:03:22", 397, 98]
["02:03:22", 397, 97]
["02:03:23", 398, 97]
["02:03:23", 398, 97]
["02:03:24", 398, 97]
["02:03:24", 398, 96]
["02:03:25", 398, 96]
["02:03:26", 399, 95]
["02:03:26", 399, 95]
["02:03:27", 399, 94]
["02:03:27", 399, 94]
["02:03:28", 399, 94]
["02:03:28", 400, 93]
["02:03:29", 400, 92]
["02:03:29", 400, 92]
["02:03:30", 400, 92]
["02:03:30", 401, 91]
["02:03:31", 401, 91]
["02:03:31", 401, 90]
["02:03:32", 401, 90]
["02:03:32", 402, 89]
["02:03:33", 402, 89]
["02:03:33", 402, 89]
["02:03:34", 402, 88]
["02:03:34", 402, 88]
["02:03:35", 403, 88]
["02:03:35", 403, 88]
["02:03:36", 403, 87]
["02:03:36", 403, 87]
["02:03:37", 404, 87]
["02:03:37", 404, 87]
["02:03:38", 404, 86]
["02:03:38", 404, 86]
["02:03:39", 405, 86]
["02:03:39", 405, 86]
["02:03:40", 405, 86]
["02:03:40", 405, 85]
["02:03:41", 406, 85]
["02:03:41", 406, 85]
["02:03:42", 406, 85]
["02:03:42", 406, 84]
["02:03:43", 407, 84]
["02:03:43", 407, 84]
["02:03:44", 407, 84]
["02:03:44", 407, 84]
["02:03:45", 408, 84]
["02:03:46", 408, 84]
["02:03:46", 408, 84]
["02:03:47", 408, 83]
["02:03:47", 408, 83]
["02:03:48", 409, 83]
["02:03:48", 409, 83]
["02:03:49", 409, 83]
["02:03:49", 409, 82]
["02:03:50", 410, 82]
["02:03:50", 410, 82]
["02:03:51", 410, 82]
["02:03:51", 410, 81]
["02:03:52", 410, 81]
["02:03:52", 411, 81]
["02:03:53", 411, 81]
["02:03:53", 411, 81]
["02:03:54", 411, 80]
["02:03:54", 412, 80]
["02:03:55", 412, 80]
["02:03:55", 412, 80]
["02:03:56", 412, 79]
["02:03:56", 413, 79]
["02:03:57", 413, 79]
["02:03:57", 413, 79]
["02:03:58", 413, 78]
["02:03:58", 413, 78]
["02:03:59", 414, 78]
["02:03:59", 414, 78]
["02:04:00", 414, 78]
["02:04:00", 414, 78]
["02:04:01", 415, 78]
["02:04:01", 415, 78]
["02:04:02", 415, 77]
["02:04:02", 415, 77]
["02:04:03", 416, 77]
["02:04:03", 416, 77]
["02:04:04", 416, 77]
["02:04:04", 416, 76]
["02:04:05", 417, 76]
["02:04:05", 417, 76]
["02:04:06", 417, 76]
["02:04:07", 417, 76]
["02:04:07", 418, 76]
["02:04:08", 418, 76]
["02:04:08", 418, 76]
["02:04:09", 418, 76]
["02:04:09", 418, 75]
["02:04:10", 419, 75]
["02:04:10", 419, 75]
["02:04:11", 419, 75]
["02:04:11", 419, 74]
["02:04:12", 420, 74]
["02:04:12", 420, 74]
["02:04:13", 420, 74]
["02:04:13", 420, 73]
["02:04:14", 420, 73]
["02:04:14", 421, 73]
["02:04:15", 421, 73]
["02:04:15", 421, 73]
["02:04:16", 421, 73]
["02:04:16", 422, 73]
["02:04:17", 422, 73]
["02:04:17", 422, 73]
["02:04:18", 422, 73]
["02:04:18", 421, 75]
["02:04:19", 420, 78]
["02:04:19", 420, 78]
["02:04:20", 420, 77]
["02:04:20", 420, 77]
["02:04:21", 419, 79]
["02:04:21", 418, 81]
["02:04:22", 419, 78]
["02:04:22", 419, 78]
["02:04:23", 419, 78]
["02:04:23", 419, 78]
["02:04:24", 420, 78]
["02:04:24", 420, 78]
["02:04:25", 420, 78]
["02:04:25", 420, 78]
["02:04:26", 421, 77]
["02:04:27", 421, 77]
["02:04:27", 421, 77]
["02:04:28", 421, 77]
["02:04:28", 422, 77]
["02:04:29", 422, 77]
["02:04:29", 422, 76]
["02:04:30", 422, 76]
["02:04:30", 423, 75]
["02:04:31", 423, 75]
["02:04:31", 423, 75]
["02:04:32", 423, 75]
["02:04:32", 423, 75]
["02:04:33", 424, 74]
["02:04:33", 424, 73]
["02:04:34", 424, 73]
["02:04:34", 424, 73]
["02:04:35", 424, 73]
["02:04:35", 425, 72]
["02:04:36", 425, 72]
["02:04:36", 425, 72]
["02:04:37", 425, 72]
["02:04:37", 426, 72]
["02:04:38", 426, 72]
["02:04:38", 426, 72]
["02:04:39", 426, 72]
["02:04:39", 426, 72]
["02:04:40", 427, 71]
["02:04:40", 427, 71]
["02:04:41", 427, 71]
["02:04:41", 427, 71]
["02:04:42", 428, 71]
["02:04:42", 428, 70]
["02:04:43", 428, 70]
["02:04:43", 428, 70]
["02:04:44", 429, 70]
["02:04:44", 429, 69]
["02:04:45", 429, 69]
["02:04:46", 429, 69]
["02:04:46", 429, 69]
["02:04:47", 430, 68]
["02:04:47", 430, 68]
["02:04:48", 430, 68]
["02:04:48", 430, 68]
["02:04:49", 431, 68]
["02:04:49", 431, 67]
["02:04:50", 431, 67]
["02:04:50", 431, 67]
["02:04:51", 432, 67]
["02:04:51", 432, 66]
["02:04:52", 432, 66]
["02:04:52", 432, 66]
["02:04:53", 432, 66]
["02:04:53", 433, 65]
["02:04:54", 433, 65]
["02:04:54", 433, 65]
["02:04:55", 433, 65]
["02:04:55", 434, 65]
["02:04:56", 434, 64]
["02:04:56", 434, 64]
["02:04:57", 434, 64]
["02:04:57", 434, 64]
["02:04:58", 435, 63]
["02:04:58", 435, 63]
["02:04:59", 435, 63]
["02:04:59", 435, 63]
["02:05:00", 436, 63]
["02:05:00", 436, 63]
["02:05:01", 436, 63]
["02:05:01", 436, 63]
["02:05:02", 436, 63]
["02:05:02", 437, 62]
["02:05:03", 437, 62]
["02:05:03", 437, 62]
["02:05:04", 437, 62]
["02:05:04", 438, 62]
["02:05:05", 438, 61]
["02:05:06", 438, 61]
["02:05:06", 438, 61]
["02:05:07", 438, 61]
["02:05:07", 439, 61]
["02:05:08", 439, 61]
["02:05:08", 439, 61]
["02:05:09", 439, 61]
["02:05:09", 439, 61]
["02:05:10", 440, 61]
["02:05:10", 440, 61]
["02:05:11", 440, 61]
["02:05:11", 440, 61]
["02:05:12", 441, 61]
["02:05:12", 441, 61]
["02:05:13", 441, 61]
["02:05:13", 441, 61]
["02:05:14", 442, 61]
["02:05:14", 442, 61]
["02:05:15", 442, 61]
["02:05:15", 442, 61]
["02:05:16", 443, 60]
["02:05:16", 443, 60]
["02:05:17", 443, 60]
["02:05:17", 443, 60]
["02:05:18", 444, 59]
["02:05:18", 444, 59]
["02:05:19", 444, 59]
["02:05:19", 444, 59]
["02:05:20", 445, 59]
["02:05:20", 445, 59]
["02:05:21", 445, 59]
["02:05:21", 445, 59]
["02:05:22", 446, 59]
["02:05:22", 446, 59]
["02:05:23", 446, 59]
["02:05:23", 446, 59]
["02:05:24", 447, 59]
["02:05:25", 447, 59]
["02:05:25", 447, 59]
["02:05:26", 447, 59]
["02:05:26", 448, 59]
["02:05:27", 448, 59]
["02:05:27", 448, 59]
["02:05:28", 448, 59]
["02:05:28", 449, 58]
["02:05:29", 449, 58]
["02:05:29", 449, 58]
["02:05:30", 449, 58]
["02:05:30", 449, 58]
["02:05:31", 450, 58]
["02:05:31", 450, 58]
["02:05:32", 450, 58]
["02:05:32", 450, 58]
["02:05:33", 451, 58]
["02:05:33", 451, 58]
["02:05:34", 451, 58]
["02:05:34", 451, 58]
["02:05:35", 452, 57]
["02:05:35", 452, 57]
["02:05:36", 452, 57]
["02:05:36", 452, 57]
["02:05:37", 452, 57]
["02:05:37", 453, 55]
["02:05:38", 453, 55]
["02:05:38", 453, 55]
["02:05:39", 453, 55]
["02:05:39", 454, 54]
["02:05:40", 454, 54]
["02:05:40", 454, 54]
["02:05:41", 454, 54]
["02:05:41", 455, 54]
["02:05:42", 455, 54]
["02:05:43", 455, 54]
["02:05:43", 455, 54]
["02:05:44", 455, 54]
["02:05:44", 456, 54]
["02:05:45", 456, 54]
["02:05:45", 456, 54]
["02:05:46", 456, 54]
["02:05:46", 457, 54]
["02:05:47", 457, 54]
["02:05:47", 457, 54]
["02:05:48", 457, 54]
["02:05:48", 457, 53]
["02:05:49", 458, 53]
["02:05:49", 458, 53]
["02:05:50", 458, 53]
["02:05:50", 458, 52]
["02:05:51", 459, 52]
["02:05:51", 459, 52]
["02:05:52", 459, 52]
["02:05:52", 459, 52]
["02:05:53", 460, 51]
["02:05:53", 460, 51]
["02:05:54", 460, 51]
["02:05:54", 460, 51]
["02:05:55", 461, 50]
["02:05:55", 461, 50]
["02:05:56", 461, 50]
["02:05:56", 461, 50]
["02:05:57", 462, 50]
["02:05:57", 462, 50]
["02:05:58", 462, 50]
["02:05:58", 462, 50]
["02:05:59", 462, 50]
["02:05:59", 463, 49]
["02:06:00", 463, 49]
["02:06:00", 463, 49]
["02:06:01", 463, 49]
["02:06:01", 464, 48]
["02:06:02", 464, 48]
["02:06:03", 464, 48]
["02:06:03", 464, 48]
["02:06:04", 464, 48]
["02:06:04", 465, 47]
["02:06:05", 465, 47]
["02:06:05", 465, 47]
["02:06:06", 465, 47]
["02:06:06", 466, 46]
["02:06:07", 466, 46]
["02:06:07", 466, 46]
["02:06:08", 466, 46]
["02:06:08", 467, 45]
["02:06:09", 467, 45]
["02:06:09", 467, 45]
["02:06:10", 467, 45]
["02:06:10", 467, 45]
["02:06:11", 468, 44]
["02:06:11", 468, 44]
["02:06:12", 468, 44]
["02:06:12", 468, 44]
["02:06:13", 469, 43]
["02:06:13", 469, 43]
["02:06:14", 469, 43]
["02:06:14", 469, 43]
["02:06:15", 469, 43]
["02:06:15", 470, 43]
["02:06:16", 470, 43]
["02:06:16", 470, 43]
["02:06:17", 470, 43]
["02:06:17", 471, 41]
["02:06:18", 471, 41]
["02:06:18", 471, 41]
["02:06:19", 471, 41]
["02:06:19", 472, 40]
["02:06:20", 472, 40]
["02:06:20", 472, 40]
["02:06:21", 472, 40]
["02:06:21", 473, 40]
["02:06:22", 473, 39]
["02:06:23", 473, 39]
["02:06:23", 473, 39]
["02:06:24", 474, 39]
["02:06:24", 474, 38]
["02:06:25", 474, 38]
["02:06:25", 474, 38]
["02:06:26", 475, 37]
["02:06:26", 475, 37]
["02:06:27", 475, 37]
["02:06:27", 475, 37]
["02:06:28", 476, 37]
["02:06:28", 476, 36]
["02:06:29", 476, 36]
["02:06:29", 476, 36]
["02:06:30", 476, 36]
["02:06:30", 477, 36]
["02:06:31", 477, 36]
["02:06:31", 477, 36]
["02:06:32", 477, 36]
["02:06:32", 478, 36]
["02:06:33", 478, 35]
["02:06:33", 478, 35]
["02:06:34", 478, 35]
["02:06:34", 479, 35]
["02:06:35", 479, 34]
["02:06:35", 479, 34]
["02:06:36", 479, 34]
["02:06:36", 479, 34]
["02:06:37", 480, 33]
["02:06:37", 480, 33]
["02:06:38", 480, 33]
["02:06:38", 480, 33]
["02:06:39", 481, 33]
["02:06:39", 481, 33]
["02:06:40", 481, 32]
["02:06:40", 481, 32]
["02:06:41", 482, 31]
["02:06:42", 482, 31]
["02:06:42", 482, 31]
["02:06:43", 482, 31]
["02:06:43", 482, 30]
["02:06:44", 483, 29]
["02:06:44", 483, 29]
["02:06:45", 483, 29]
["02:06:45", 483, 29]
["02:06:46", 483, 29]
["02:06:46", 484, 28]
["02:06:47", 484, 28]
["02:06:47", 484, 28]
["02:06:48", 484, 28]
["02:06:48", 485, 28]
["02:06:49", 485, 28]
["02:06:49", 485, 27]
["02:06:50", 485, 27]
["02:06:50", 486, 27]
["02:06:51", 486, 27]
["02:06:51", 486, 27]
["02:06:52", 486, 26]
["02:06:52", 486, 26]
["02:06:53", 487, 26]
["02:06:53", 487, 26]
["02:06:54", 487, 26]
["02:06:54", 487, 26]
["02:06:55", 488, 25]
["02:06:55", 488, 25]
["02:06:56", 488, 25]
["02:06:56", 488, 25]
["02:06:57", 488, 25]
["02:06:57", 489, 24]
["02:06:58", 489, 24]
["02:06:58", 489, 23]
["02:06:59", 489, 23]
["02:06:59", 489, 23]
["02:07:00", 490, 23]
["02:07:00", 490, 23]
["02:07:01", 490, 23]
["02:07:01", 490, 22]
["02:07:02", 491, 22]
["02:07:03", 491, 22]
["02:07:03", 491, 22]
["02:07:04", 491, 22]
["02:07:04", 491, 22]
["02:07:05", 492, 21]
["02:07:05", 492, 21]
["02:07:06", 492, 21]
["02:07:06", 492, 21]
["02:07:07", 493, 21]
["02:07:07", 493, 21]
["02:07:08", 493, 20]
["02:07:08", 493, 20]
["02:07:09", 494, 20]
["02:07:09", 494, 20]
["02:07:10", 494, 20]
["02:07:10", 494, 20]
["02:07:11", 494, 20]
["02:07:11", 495, 19]
["02:07:12", 495, 19]
["02:07:12", 495, 19]
["02:07:13", 495, 19]
["02:07:13", 496, 19]
["02:07:14", 496, 19]
["02:07:14", 496, 19]
["02:07:15", 496, 19]
["02:07:15", 497, 19]
["02:07:16", 497, 19]
["02:07:16", 497, 19]
["02:07:17", 497, 19]
["02:07:17", 497, 19]
["02:07:18", 498, 19]
["02:07:18", 498, 19]
["02:07:19", 498, 19]
["02:07:19", 498, 19]
["02:07:20", 499, 19]
["02:07:20", 499, 19]
["02:07:21", 499, 19]
["02:07:22", 499, 19]
["02:07:22", 499, 19]
["02:07:23", 500, 19]
["02:07:23", 500, 19]
["02:07:24", 500, 19]
["02:07:24", 500, 19]
["02:07:25", 500, 19]
["02:07:25", 501, 19]
["02:07:26", 501, 19]
["02:07:26", 501, 19]
["02:07:27", 501, 19]
["02:07:27", 502, 18]
["02:07:28", 502, 18]
["02:07:28", 502, 18]
["02:07:29", 502, 18]
["02:07:29", 503, 18]
["02:07:30", 503, 18]
["02:07:30", 503, 18]
["02:07:31", 503, 18]
["02:07:31", 504, 18]
["02:07:32", 504, 18]
["02:07:32", 504, 18]
["02:07:33", 504, 18]
["02:07:33", 504, 18]
["02:07:34", 505, 18]
["02:07:34", 505, 18]
["02:07:35", 505, 18]
["02:07:35", 505, 18]
["02:07:36", 506, 17]
["02:07:36", 506, 17]
["02:07:37", 506, 17]
["02:07:37", 506, 17]
["02:07:38", 506, 17]
["02:07:38", 507, 17]
["02:07:39", 507, 17]
["02:07:39", 507, 17]
["02:07:40", 507, 17]
["02:07:40", 508, 17]
["02:07:41", 508, 17]
["02:07:42", 508, 17]
["02:07:42", 508, 17]
["02:07:43", 509, 16]
["02:07:43", 509, 16]
["02:07:44", 509, 16]
["02:07:44", 509, 16]
["02:07:45", 509, 16]
["02:07:45", 509, 16]
["02:07:46", 510, 14]
["02:07:46", 510, 14]
["02:07:47", 510, 14]
["02:07:47", 510, 14]
["02:07:48", 511, 14]
["02:07:48", 511, 14]
["02:07:49", 511, 14]
["02:07:49", 511, 14]
["02:07:50", 512, 14]
["02:07:50", 512, 14]
["02:07:51", 512, 14]
["02:07:51", 512, 14]
["02:07:52", 513, 14]
["02:07:52", 513, 14]
["02:07:53", 513, 14]
["02:07:53", 513, 14]
["02:07:54", 514, 14]
["02:07:54", 514, 14]
["02:07:55", 514, 14]
["02:07:55", 514, 14]
["02:07:56", 514, 14]
["02:07:56", 514, 15]
["02:07:57", 514, 15]
["02:07:57", 514, 15]
["02:07:58", 514, 15]
["02:07:58", 514, 15]
["02:07:59", 514, 15]
["02:07:59", 514, 15]
["02:08:00", 514, 15]
["02:08:00", 514, 15]
["02:08:01", 515, 15]
["02:08:02", 515, 15]
["02:08:02", 515, 15]
["02:08:03", 515, 15]
["02:08:03", 515, 15]
["02:08:04", 516, 15]
["02:08:04", 516, 15]
["02:08:05", 516, 15]
["02:08:05", 516, 15]
["02:08:06", 517, 15]
["02:08:06", 517, 15]
["02:08:07", 517, 15]
["02:08:07", 517, 15]
["02:08:08", 517, 15]
["02:08:08", 518, 15]
["02:08:09", 518, 15]
["02:08:09", 518, 15]
["02:08:10", 518, 15]
["02:08:10", 519, 14]
["02:08:11", 519, 14]
["02:08:11", 519, 14]
["02:08:12", 519, 14]
["02:08:12", 520, 14]
["02:08:13", 520, 14]
["02:08:13", 520, 14]
["02:08:14", 520, 14]
["02:08:14", 520, 14]
["02:08:15", 521, 14]
["02:08:15", 521, 14]
["02:08:16", 521, 14]
["02:08:16", 521, 14]
["02:08:17", 522, 13]
["02:08:17", 522, 13]
["02:08:18", 522, 13]
["02:08:18", 522, 13]
["02:08:19", 523, 13]
["02:08:19", 523, 13]
["02:08:20", 523, 13]
["02:08:21", 523, 13]
["02:08:21", 523, 13]
["02:08:22", 524, 13]
["02:08:22", 524, 13]
["02:08:23", 524, 13]
["02:08:23", 524, 13]
["02:08:24", 525, 13]
["02:08:24", 525, 13]
["02:08:25", 525, 13]
["02:08:25", 525, 13]
["02:08:26", 525, 13]
["02:08:26", 526, 12]
["02:08:27", 526, 12]
["02:08:27", 526, 12]
["02:08:28", 526, 12]
["02:08:28", 527, 11]
["02:08:29", 527, 11]
["02:08:29", 527, 11]
["02:08:30", 527, 11]
["02:08:30", 527, 11]
["02:08:31", 528, 11]
["02:08:31", 528, 11]
["02:08:32", 528, 11]
["02:08:32", 528, 11]
["02:08:33", 529, 11]
["02:08:33", 529, 11]
["02:08:34", 529, 11]
["02:08:34", 529, 11]
["02:08:35", 529, 11]
["02:08:35", 530, 11]
["02:08:36", 530, 11]
["02:08:36", 530, 11]
["02:08:37", 530, 11]
["02:08:37", 530, 11]
["02:08:38", 531, 11]
["02:08:38", 531, 11]
["02:08:39", 531, 11]
["02:08:40", 531, 11]
["02:08:40", 531, 11]
["02:08:41", 532, 11]
["02:08:41", 532, 11]
["02:08:42", 532, 11]
["02:08:42", 532, 11]
["02:08:43", 532, 11]
["02:08:43", 533, 11]
["02:08:44", 533, 11]
["02:08:44", 533, 11]
["02:08:45", 533, 11]
["02:08:45", 533, 11]
["02:08:46", 534, 11]
["02:08:46", 534, 11]
["02:08:47", 534, 11]
["02:08:47", 534, 11]
["02:08:48", 535, 11]
["02:08:48", 535, 11]
["02:08:49", 535, 11]
["02:08:49", 535, 11]
["02:08:50", 535, 11]
["02:08:50", 536, 11]
["02:08:51", 536, 11]
["02:08:51", 536, 11]
["02:08:52", 536, 11]
["02:08:52", 537, 11]
["02:08:53", 537, 11]
["02:08:53", 537, 11]
["02:08:54", 537, 11]
["02:08:54", 537, 11]
["02:08:55", 538, 11]
["02:08:55", 538, 11]
["02:08:56", 538, 11]
["02:08:56", 538, 11]
["02:08:57", 539, 11]
["02:08:57", 539, 11]
["02:08:58", 539, 11]
["02:08:58", 539, 11]
["02:08:59", 540, 11]
["02:09:00", 540, 11]
["02:09:00", 540, 11]
["02:09:01", 540, 11]
["02:09:01", 540, 11]
["02:09:02", 541, 11]
["02:09:02", 541, 11]
["02:09:03", 541, 11]
["02:09:03", 541, 11]
["02:09:04", 542, 11]
["02:09:04", 542, 11]
["02:09:05", 542, 11]
["02:09:05", 542, 11]
["02:09:06", 543, 11]
["02:09:06", 543, 11]
["02:09:07", 543, 11]
["02:09:07", 543, 11]
["02:09:08", 544, 11]
["02:09:08", 544, 11]
["02:09:09", 544, 11]
["02:09:09", 544, 11]
["02:09:10", 545, 11]
["02:09:10", 545, 11]
["02:09:11", 545, 11]
["02:09:11", 545, 11]
["02:09:12", 545, 11]
["02:09:12", 546, 11]
["02:09:13", 546, 11]
["02:09:13", 546, 11]
["02:09:14", 546, 11]
["02:09:14", 547, 11]
["02:09:15", 547, 11]
["02:09:15", 547, 11]
["02:09:16", 547, 11]
["02:09:16", 548, 11]
["02:09:17", 548, 11]
["02:09:18", 548, 11]
["02:09:18", 548, 11]
["02:09:19", 549, 11]
["02:09:19", 549, 11]
["02:09:20", 549, 11]
["02:09:20", 549, 11]
["02:09:21", 549, 11]
["02:09:21", 550, 11]
["02:09:22", 550, 11]
["02:09:22", 550, 11]
["02:09:23", 550, 11]
["02:09:23", 551, 11]
["02:09:24", 551, 11]
["02:09:24", 551, 11]
["02:09:25", 551, 11]
["02:09:25", 551, 11]
["02:09:26", 552, 11]
["02:09:26", 552, 11]
["02:09:27", 552, 11]
["02:09:27", 552, 11]
["02:09:28", 553, 11]
["02:09:28", 553, 11]
["02:09:29", 553, 11]
["02:09:29", 553, 11]
["02:09:30", 554, 11]
["02:09:30", 554, 11]
["02:09:31", 554, 11]
["02:09:31", 554, 11]
["02:09:32", 555, 11]
["02:09:32", 555, 11]
["02:09:33", 555, 11]
["02:09:33", 555, 11]
["02:09:34", 556, 11]
["02:09:34", 556, 11]
["02:09:35", 556, 11]
["02:09:35", 556, 11]
["02:09:36", 557, 11]
["02:09:37", 557, 11]
["02:09:37", 557, 11]
["02:09:38", 557, 11]
["02:09:38", 558, 11]
["02:09:39", 558, 11]
["02:09:39", 558, 11]
["02:09:40", 558, 11]
["02:09:40", 559, 11]
["02:09:41", 559, 11]
["02:09:41", 559, 11]
["02:09:42", 559, 11]
["02:09:42", 560, 11]
["02:09:43", 560, 11]
["02:09:43", 560, 11]
["02:09:44", 560, 11]
["02:09:44", 561, 11]
["02:09:45", 561, 11]
["02:09:45", 561, 11]
["02:09:46", 561, 11]
["02:09:46", 561, 11]
["02:09:47", 562, 11]
["02:09:47", 562, 11]
["02:09:48", 562, 11]
["02:09:48", 562, 11]
["02:09:49", 563, 11]
["02:09:49", 563, 11]
["02:09:50", 563, 11]
["02:09:50", 563, 11]
["02:09:51", 563, 11]
["02:09:51", 564, 11]
["02:09:52", 564, 11]
["02:09:52", 564, 11]
["02:09:53", 564, 11]
["02:09:53", 565, 11]
["02:09:54", 565, 11]
["02:09:54", 565, 11]
["02:09:55", 565, 11]
["02:09:56", 566, 11]
["02:09:56", 566, 11]
["02:09:57", 566, 11]
["02:09:57", 566, 11]
["02:09:58", 566, 11]
["02:09:58", 566, 11]
["02:09:59", 567, 11]
["02:09:59", 567, 11]
["02:10:00", 567, 11]
["02:10:00", 567, 11]
["02:10:01", 568, 11]
["02:10:01", 568, 11]
["02:10:02", 568, 11]
["02:10:02", 568, 11]
["02:10:03", 568, 11]
["02:10:03", 569, 11]
["02:10:04", 569, 11]
["02:10:04", 569, 11]
["02:10:05", 569, 11]
["02:10:05", 570, 11]
["02:10:06", 570, 11]
["02:10:06", 570, 11]
["02:10:07", 570, 11]
["02:10:07", 570, 11]
["02:10:08", 571, 11]
["02:10:08", 571, 11]
["02:10:09", 571, 11]
["02:10:09", 571, 11]
["02:10:10", 572, 11]
["02:10:10", 572, 11]
["02:10:11", 572, 11]
["02:10:11", 572, 11]
["02:10:12", 573, 11]
["02:10:12", 573, 11]
["02:10:13", 573, 11]
["02:10:14", 573, 11]
["02:10:14", 573, 11]
["02:10:15", 574, 11]
["02:10:15", 574, 11]
["02:10:16", 574, 11]
["02:10:16", 574, 11]
["02:10:17", 575, 11]
["02:10:17", 575, 11]
["02:10:18", 575, 11]
["02:10:18", 575, 11]
["02:10:19", 575, 11]
["02:10:19", 576, 11]
["02:10:20", 576, 11]
["02:10:20", 576, 11]
["02:10:21", 576, 11]
["02:10:21", 577, 11]
["02:10:22", 577, 11]
["02:10:22", 577, 11]
["02:10:23", 577, 11]
["02:10:23", 577, 11]
["02:10:24", 578, 11]
["02:10:24", 578, 11]
["02:10:25", 578, 11]
["02:10:25", 578, 11]
["02:10:26", 579, 11]
["02:10:26", 579, 11]
["02:10:27", 579, 11]
["02:10:27", 579, 11]
["02:10:28", 580, 11]
["02:10:28", 580, 11]
["02:10:29", 580, 11]
["02:10:29", 580, 11]
["02:10:30", 581, 11]
["02:10:30", 581, 11]
["02:10:31", 581, 11]
["02:10:31", 581, 11]
["02:10:32", 582, 11]
["02:10:33", 582, 11]
["02:10:33", 582, 11]
["02:10:34", 582, 11]
["02:10:34", 582, 11]
["02:10:35", 583, 11]
["02:10:35", 583, 11]
["02:10:36", 583, 11]
["02:10:36", 583, 11]
["02:10:37", 584, 11]
["02:10:37", 584, 11]
["02:10:38", 584, 11]
["02:10:38", 584, 11]
["02:10:39", 585, 11]
["02:10:39", 585, 11]
["02:10:40", 585, 11]
["02:10:40", 585, 11]
["02:10:41", 586, 11]
["02:10:41", 586, 11]
["02:10:42", 586, 11]
["02:10:42", 586, 11]
["02:10:43", 587, 11]
["02:10:43", 587, 11]
["02:10:44", 587, 11]
["02:10:44", 587, 11]
["02:10:45", 587, 11]
["02:10:45", 588, 11]
["02:10:46", 588, 11]
["02:10:46", 588, 11]
["02:10:47", 588, 11]
["02:10:47", 589, 11]
["02:10:48", 589, 11]
["02:10:48", 589, 11]
["02:10:49", 589, 11]
["02:10:49", 590, 11]
["02:10:50", 590, 11]
["02:10:50", 590, 11]
["02:10:51", 590, 11]
["02:10:51", 590, 11]
["02:10:52", 591, 11]
["02:10:53", 591, 11]
["02:10:53", 591, 11]
["02:10:54", 591, 11]
["02:10:54", 592, 11]
["02:10:55", 592, 11]
["02:10:55", 592, 11]
["02:10:56", 592, 11]
["02:10:56", 593, 11]
["02:10:57", 593, 11]
["02:10:57", 593, 11]
["02:10:58", 593, 11]
["02:10:58", 594, 11]
["02:10:59", 594, 11]
["02:10:59", 594, 11]
["02:11:00", 594, 11]
["02:11:00", 594, 11]
["02:11:01", 595, 11]
["02:11:01", 595, 11]
["02:11:02", 595, 11]
["02:11:02", 595, 11]
["02:11:03", 596, 11]
["02:11:03", 596, 11]
["02:11:04", 596, 11]
["02:11:04", 596, 11]
["02:11:05", 597, 11]
["02:11:05", 597, 11]
["02:11:06", 597, 11]
["02:11:06", 597, 11]
["02:11:07", 598, 11]
["02:11:07", 598, 11]
["02:11:08", 598, 11]
["02:11:08", 598, 11]
["02:11:09", 599, 11]
["02:11:09", 599, 11]
["02:11:10", 599, 11]
["02:11:10", 599, 11]
["02:11:11", 599, 11]
["02:11:11", 600, 11]
["02:11:12", 600, 11]
["02:11:12", 600, 11]
["02:11:13", 600, 11]
["02:11:14", 601, 11]
["02:11:14", 601, 11]
["02:11:15", 601, 11]
["02:11:15", 601, 11]
["02:11:16", 601, 11]
["02:11:16", 602, 11]
["02:11:17", 602, 11]
["02:11:17", 602, 11]
["02:11:18", 602, 11]
["02:11:18", 603, 11]
["02:11:19", 603, 11]
["02:11:19", 603, 11]
["02:11:20", 603, 11]
["02:11:20", 604, 11]
["02:11:21", 604, 11]
["02:11:21", 604, 11]
["02:11:22", 604, 11]
["02:11:22", 605, 11]
["02:11:23", 605, 11]
["02:11:23", 605, 11]
["02:11:24", 605, 11]
["02:11:24", 605, 11]
["02:11:25", 606, 11]
["02:11:25", 606, 11]
["02:11:26", 606, 11]
["02:11:26", 606, 11]
["02:11:27", 607, 11]
["02:11:27", 607, 11]
["02:11:28", 607, 11]
["02:11:28", 607, 11]
["02:11:29", 608, 11]
["02:11:29", 608, 11]
["02:11:30", 608, 11]
["02:11:30", 608, 11]
["02:11:31", 609, 11]
["02:11:31", 609, 11]
["02:11:32", 609, 11]
["02:11:32", 609, 11]
["02:11:33", 609, 11]
["02:11:34", 610, 11]
["02:11:34", 610, 11]
["02:11:35", 610, 11]
["02:11:35", 610, 11]
["02:11:36", 611, 11]
["02:11:36", 611, 11]
["02:11:37", 611, 11]
["02:11:37", 611, 11]
["02:11:38", 612, 11]
["02:11:38", 612, 11]
["02:11:39", 612, 11]
["02:11:39", 612, 11]
["02:11:40", 611, 13]
["02:11:40", 609, 16]
["02:11:41", 609, 16]
["02:11:41", 609, 16]
["02:11:42", 609, 16]
["02:11:42", 608, 18]
["02:11:43", 605, 22]
["02:11:43", 603, 26]
["02:11:44", 600, 30]
["02:11:44", 600, 30]
["02:11:45", 600, 30]
["02:11:45", 600, 30]
["02:11:46", 600, 30]
["02:11:46", 601, 30]
["02:11:47", 601, 30]
["02:11:47", 601, 30]
["02:11:48", 601, 30]
["02:11:48", 602, 30]
["02:11:49", 602, 30]
["02:11:49", 602, 30]
["02:11:50", 602, 30]
["02:11:50", 603, 30]
["02:11:51", 603, 30]
["02:11:51", 603, 30]
["02:11:52", 603, 30]
["02:11:53", 604, 30]
["02:11:53", 604, 30]
["02:11:54", 604, 30]
["02:11:54", 604, 30]
["02:11:55", 604, 30]
["02:11:55", 605, 30]
["02:11:56", 605, 30]
["02:11:56", 605, 30]
["02:11:57", 605, 30]
["02:11:57", 606, 30]
["02:11:58", 606, 30]
["02:11:58", 606, 30]
["02:11:59", 606, 30]
["02:11:59", 607, 30]
["02:12:00", 607, 30]
["02:12:00", 607, 30]
["02:12:01", 607, 30]
["02:12:01", 608, 30]
["02:12:02", 608, 30]
["02:12:02", 608, 30]
["02:12:03", 608, 30]
["02:12:03", 609, 30]
["02:12:04", 609, 30]
["02:12:04", 609, 30]
["02:12:05", 609, 30]
["02:12:05", 610, 30]
["02:12:06", 610, 30]
["02:12:06", 610, 30]
["02:12:07", 610, 30]
["02:12:07", 610, 30]
["02:12:08", 610, 30]
["02:12:08", 610, 30]
["02:12:09", 611, 30]
["02:12:09", 611, 30]
["02:12:10", 611, 30]
["02:12:10", 611, 30]
["02:12:11", 612, 30]
["02:12:12", 612, 30]
["02:12:12", 612, 30]
["02:12:13", 612, 30]
["02:12:13", 612, 30]
["02:12:14", 612, 30]
["02:12:14", 612, 30]
["02:12:15", 612, 30]
["02:12:15", 613, 30]
["02:12:16", 613, 30]
["02:12:16", 613, 30]
["02:12:17", 613, 30]
["02:12:17", 613, 30]
["02:12:18", 613, 30]
["02:12:18", 614, 30]
["02:12:19", 614, 30]
["02:12:19", 614, 30]
["02:12:20", 614, 30]
["02:12:20", 614, 30]
["02:12:21", 614, 30]
["02:12:21", 614, 30]
["02:12:22", 614, 30]
["02:12:22", 614, 30]
["02:12:23", 614, 30]
["02:12:23", 615, 30]
["02:12:24", 615, 30]
["02:12:24", 615, 30]
["02:12:25", 615, 30]
["02:12:25", 616, 30]
["02:12:26", 616, 30]
["02:12:26", 616, 30]
["02:12:27", 616, 30]
["02:12:27", 617, 30]
["02:12:28", 617, 30]
["02:12:28", 617, 30]
["02:12:29", 617, 30]
["02:12:29", 618, 30]
["02:12:30", 618, 30]
["02:12:31", 618, 30]
["02:12:31", 618, 30]
["02:12:32", 618, 30]
["02:12:32", 618, 30]
["02:12:33", 618, 30]
["02:12:33", 619, 30]
["02:12:34", 619, 30]
["02:12:34", 619, 30]
["02:12:35", 619, 30]
["02:12:35", 619, 30]
["02:12:36", 619, 30]
["02:12:36", 619, 30]
["02:12:37", 619, 30]
["02:12:37", 619, 30]
["02:12:38", 619, 30]
["02:12:38", 619, 30]
["02:12:39", 619, 30]
["02:12:39", 620, 30]
["02:12:40", 620, 30]
["02:12:40", 620, 30]
["02:12:41", 620, 30]
["02:12:41", 621, 30]
["02:12:42", 621, 30]
["02:12:42", 621, 30]
["02:12:43", 621, 30]
["02:12:43", 622, 30]
["02:12:44", 622, 30]
["02:12:44", 622, 30]
["02:12:45", 622, 30]
["02:12:45", 623, 30]
["02:12:46", 623, 30]
["02:12:46", 623, 30]
["02:12:47", 623, 30]
["02:12:47", 623, 30]
["02:12:48", 624, 30]
["02:12:48", 624, 30]
["02:12:49", 624, 30]
["02:12:50", 624, 30]
["02:12:50", 625, 30]
["02:12:51", 625, 30]
["02:12:51", 625, 30]
["02:12:52", 625, 30]
["02:12:52", 625, 30]
["02:12:53", 626, 30]
["02:12:53", 626, 30]
["02:12:54", 626, 30]
["02:12:54", 626, 30]
["02:12:55", 627, 30]
["02:12:55", 627, 30]
["02:12:56", 627, 30]
["02:12:56", 627, 30]
["02:12:57", 628, 30]
["02:12:57", 628, 30]
["02:12:58", 628, 30]
["02:12:58", 628, 30]
["02:12:59", 628, 30]
["02:12:59", 629, 30]
["02:13:00", 629, 30]
["02:13:00", 629, 30]
["02:13:01", 629, 30]
["02:13:01", 630, 30]
["02:13:02", 630, 30]
["02:13:02", 630, 30]
["02:13:03", 630, 30]
["02:13:03", 630, 30]
["02:13:04", 631, 30]
["02:13:04", 631, 30]
["02:13:05", 631, 30]
["02:13:06", 631, 30]
["02:13:06", 632, 30]
["02:13:07", 632, 30]
["02:13:07", 632, 30]
["02:13:08", 632, 30]
["02:13:08", 633, 30]
["02:13:09", 633, 30]
["02:13:09", 633, 30]
["02:13:10", 633, 30]
["02:13:10", 634, 30]
["02:13:11", 634, 30]
["02:13:11", 634, 30]
["02:13:12", 634, 30]
["02:13:12", 634, 30]
["02:13:13", 635, 30]
["02:13:13", 635, 30]
["02:13:14", 635, 30]
["02:13:14", 635, 30]
["02:13:15", 635, 30]
["02:13:15", 636, 30]
["02:13:16", 636, 30]
["02:13:16", 636, 30]
["02:13:17", 636, 30]
["02:13:17", 637, 30]
["02:13:18", 637, 30]
["02:13:18", 637, 30]
["02:13:19", 637, 30]
["02:13:19", 638, 30]
["02:13:20", 638, 30]
["02:13:20", 638, 30]
["02:13:21", 638, 30]
["02:13:22", 639, 30]
["02:13:22", 639, 30]
["02:13:23", 639, 30]
["02:13:23", 639, 30]
["02:13:24", 640, 30]
["02:13:24", 640, 30]
["02:13:25", 640, 30]
["02:13:25", 640, 30]
["02:13:26", 641, 30]
["02:13:26", 641, 30]
["02:13:27", 641, 30]
["02:13:27", 641, 30]
["02:13:28", 642, 30]
["02:13:28", 642, 30]
["02:13:29", 642, 30]
["02:13:29", 642, 30]
["02:13:30", 643, 30]
["02:13:30", 643, 30]
["02:13:31", 643, 30]
["02:13:31", 643, 30]
["02:13:32", 643, 30]
["02:13:32", 644, 30]
["02:13:33", 644, 30]
["02:13:33", 644, 30]
["02:13:34", 644, 30]
["02:13:34", 645, 30]
["02:13:35", 645, 30]
["02:13:35", 645, 30]
["02:13:36", 645, 30]
["02:13:36", 646, 30]
["02:13:37", 646, 30]
["02:13:38", 646, 30]
["02:13:38", 646, 30]
["02:13:39", 647, 30]
["02:13:39", 647, 30]
["02:13:40", 647, 30]
["02:13:40", 647, 30]
["02:13:41", 647, 30]
["02:13:41", 648, 30]
["02:13:42", 648, 30]
["02:13:42", 648, 30]
["02:13:43", 648, 30]
["02:13:43", 648, 30]
["02:13:44", 649, 30]
["02:13:44", 649, 30]
["02:13:45", 649, 30]
["02:13:45", 649, 30]
["02:13:46", 650, 30]
["02:13:46", 650, 30]
["02:13:47", 650, 30]
["02:13:47", 650, 30]
["02:13:48", 651, 30]
["02:13:48", 651, 30]
["02:13:49", 651, 30]
["02:13:49", 651, 30]
["02:13:50", 652, 30]
["02:13:50", 652, 30]
["02:13:51", 652, 30]
["02:13:51", 652, 30]
["02:13:52", 653, 30]
["02:13:52", 653, 30]
["02:13:53", 653, 30]
["02:13:53", 653, 30]
["02:13:54", 653, 30]
["02:13:55", 654, 30]
["02:13:55", 654, 30]
["02:13:56", 654, 30]
["02:13:56", 654, 30]
["02:13:57", 655, 30]
["02:13:57", 655, 30]
["02:13:58", 655, 30]
["02:13:58", 655, 30]
["02:13:59", 655, 30]
["02:13:59", 656, 30]
["02:14:00", 656, 30]
["02:14:00", 656, 30]
["02:14:01", 656, 30]
["02:14:01", 657, 30]
["02:14:02", 657, 30]
["02:14:02", 657, 30]
["02:14:03", 657, 30]
["02:14:03", 657, 30]
["02:14:04", 658, 30]
["02:14:04", 658, 30]
["02:14:05", 658, 30]
["02:14:05", 658, 30]
["02:14:06", 659, 30]
["02:14:06", 659, 30]
["02:14:07", 659, 30]
["02:14:07", 659, 30]
["02:14:08", 660, 30]
["02:14:08", 660, 30]
["02:14:09", 660, 30]
["02:14:10", 660, 30]
["02:14:10", 661, 30]
["02:14:11", 661, 30]
["02:14:11", 661, 30]
["02:14:12", 661, 30]
["02:14:12", 662, 30]
["02:14:13", 662, 30]
["02:14:13", 662, 30]
["02:14:14", 662, 30]
["02:14:14", 662, 30]
["02:14:15", 663, 30]
["02:14:15", 663, 30]
["02:14:16", 663, 30]
["02:14:16", 663, 30]
["02:14:17", 664, 30]
["02:14:17", 664, 30]
["02:14:18", 664, 30]
["02:14:18", 664, 30]
["02:14:19", 664, 30]
["02:14:19", 665, 30]
["02:14:20", 665, 30]
["02:14:20", 665, 30]
["02:14:21", 665, 30]
["02:14:21", 666, 30]
["02:14:22", 666, 30]
["02:14:22", 666, 30]
["02:14:23", 666, 30]
["02:14:23", 667, 30]
["02:14:24", 667, 30]
["02:14:24", 667, 30]
["02:14:25", 667, 30]
["02:14:25", 668, 30]
["02:14:26", 668, 30]
["02:14:26", 668, 30]
["02:14:27", 668, 30]
["02:14:28", 669, 30]
["02:14:28", 669, 30]
["02:14:29", 669, 30]
["02:14:29", 669, 30]
["02:14:30", 669, 30]
["02:14:30", 669, 32]
["02:14:31", 669, 32]
["02:14:31", 669, 32]
["02:14:32", 669, 32]
["02:14:32", 669, 33]
["02:14:33", 665, 39]
["02:14:33", 663, 42]
["02:14:34", 659, 51]
["02:14:34", 655, 57]
["02:14:35", 652, 60]
["02:14:35", 651, 62]
["02:14:36", 647, 69]
["02:14:36", 643, 76]
["02:14:37", 639, 83]
["02:14:37", 636, 88]
["02:14:38", 636, 89]
["02:14:38", 636, 89]
["02:14:39", 635, 92]
["02:14:39", 631, 99]
["02:14:40", 625, 108]
["02:14:40", 620, 117]
["02:14:41", 617, 121]
["02:14:41", 612, 129]
["02:14:42", 608, 134]
["02:14:42", 603, 142]
["02:14:43", 603, 141]
["02:14:43", 602, 143]
["02:14:44", 603, 141]
["02:14:44", 603, 139]
["02:14:45", 602, 142]
["02:14:46", 600, 144]
["02:14:46", 599, 147]
["02:14:47", 597, 149]
["02:14:47", 596, 151]
["02:14:48", 595, 153]
["02:14:48", 594, 155]
["02:14:49", 594, 156]
["02:14:49", 592, 159]
["02:14:50", 591, 161]
["02:14:50", 591, 161]
["02:14:51", 591, 161]
["02:14:51", 591, 161]
["02:14:52", 591, 161]
["02:14:52", 590, 163]
["02:14:53", 589, 164]
["02:14:53", 589, 164]
["02:14:54", 589, 164]
["02:14:54", 589, 164]
["02:14:55", 590, 163]
["02:14:55", 590, 163]
["02:14:56", 590, 163]
["02:14:56", 590, 163]
["02:14:57", 590, 163]
["02:14:57", 591, 163]
["02:14:58", 591, 163]
["02:14:58", 591, 163]
["02:14:59", 591, 163]
["02:14:59", 592, 163]
["02:15:00", 592, 163]
["02:15:00", 592, 163]
["02:15:01", 592, 163]
["02:15:01", 593, 162]
["02:15:02", 593, 162]
["02:15:03", 593, 162]
["02:15:03", 593, 162]
["02:15:04", 593, 162]
["02:15:04", 593, 162]
["02:15:05", 594, 161]
["02:15:05", 594, 161]
["02:15:06", 594, 161]
["02:15:06", 594, 161]
["02:15:07", 595, 161]
["02:15:07", 595, 161]
["02:15:08", 595, 161]
["02:15:08", 595, 161]
["02:15:09", 595, 161]
["02:15:09", 596, 161]
["02:15:10", 596, 161]
["02:15:10", 596, 161]
["02:15:11", 596, 161]
["02:15:11", 597, 160]
["02:15:12", 597, 160]
["02:15:12", 597, 160]
["02:15:13", 597, 160]
["02:15:13", 597, 160]
["02:15:14", 597, 160]
["02:15:14", 597, 160]
["02:15:15", 598, 159]
["02:15:15", 598, 159]
["02:15:16", 598, 159]
["02:15:16", 598, 159]
["02:15:17", 598, 159]
["02:15:17", 599, 159]
["02:15:18", 599, 159]
["02:15:18", 599, 159]
["02:15:19", 599, 159]
["02:15:20", 600, 159]
["02:15:20", 600, 159]
["02:15:21", 600, 159]
["02:15:21", 600, 159]
["02:15:22", 601, 158]
["02:15:22", 601, 158]
["02:15:23", 601, 158]
["02:15:23", 601, 158]
["02:15:24", 601, 158]
["02:15:24", 601, 158]
["02:15:25", 601, 158]
["02:15:25", 602, 158]
["02:15:26", 602, 158]
["02:15:26", 602, 158]
["02:15:27", 602, 158]
["02:15:27", 602, 158]
["02:15:28", 603, 158]
["02:15:28", 603, 158]
["02:15:29", 603, 158]
["02:15:29", 603, 158]
["02:15:30", 604, 157]
["02:15:30", 604, 157]
["02:15:31", 604, 157]
["02:15:31", 604, 157]
["02:15:32", 604, 157]
["02:15:32", 604, 157]
["02:15:33", 604, 157]
["02:15:33", 604, 157]
["02:15:34", 604, 157]
["02:15:34", 605, 156]
["02:15:35", 605, 155]
["02:15:35", 605, 155]
["02:15:36", 605, 154]
["02:15:37", 605, 154]
["02:15:37", 605, 154]
["02:15:38", 605, 154]
["02:15:38", 606, 153]
["02:15:39", 607, 152]
["02:15:39", 607, 152]
["02:15:40", 607, 152]
["02:15:40", 607, 152]
["02:15:41", 608, 151]
["02:15:41", 608, 151]
["02:15:42", 608, 151]
["02:15:42", 608, 151]
["02:15:43", 608, 151]
["02:15:43", 609, 150]
["02:15:44", 609, 150]
["02:15:44", 609, 150]
["02:15:45", 609, 150]
["02:15:45", 609, 150]
["02:15:46", 610, 149]
["02:15:46", 610, 149]
["02:15:47", 610, 149]
["02:15:47", 610, 149]
["02:15:48", 610, 147]
["02:15:48", 611, 146]
["02:15:49", 611, 146]
["02:15:49", 611, 146]
["02:15:50", 611, 146]
["02:15:50", 612, 145]
["02:15:51", 612, 145]
["02:15:51", 612, 145]
["02:15:52", 612, 145]
["02:15:53", 613, 144]
["02:15:53", 613, 144]
["02:15:54", 613, 144]
["02:15:54", 613, 144]
["02:15:55", 613, 144]
["02:15:55", 614, 144]
["02:15:56", 614, 144]
["02:15:56", 614, 144]
["02:15:57", 614, 144]
["02:15:57", 615, 144]
["02:15:58", 615, 144]
["02:15:58", 615, 144]
["02:15:59", 615, 144]
["02:15:59", 615, 144]
["02:16:00", 616, 144]
["02:16:00", 616, 144]
["02:16:01", 616, 144]
["02:16:01", 616, 144]
["02:16:02", 617, 144]
["02:16:02", 617, 144]
["02:16:03", 617, 144]
["02:16:03", 617, 144]
["02:16:04", 618, 143]
["02:16:04", 618, 143]
["02:16:05", 618, 143]
["02:16:05", 618, 143]
["02:16:06", 618, 143]
["02:16:06", 618, 143]
["02:16:07", 619, 142]
["02:16:07", 619, 142]
["02:16:08", 619, 142]
["02:16:08", 619, 142]
["02:16:09", 620, 140]
["02:16:09", 620, 140]
["02:16:10", 620, 140]
["02:16:11", 620, 140]
["02:16:11", 621, 139]
["02:16:12", 621, 139]
["02:16:12", 621, 139]
["02:16:13", 621, 139]
["02:16:13", 622, 139]
["02:16:14", 622, 139]
["02:16:14", 622, 139]
["02:16:15", 622, 139]
["02:16:15", 623, 139]
["02:16:16", 623, 139]
["02:16:16", 623, 139]
["02:16:17", 623, 139]
["02:16:17", 623, 139]
["02:16:18", 624, 138]
["02:16:18", 624, 138]
["02:16:19", 624, 138]
["02:16:19", 624, 138]
["02:16:20", 625, 137]
["02:16:20", 625, 137]
["02:16:21", 625, 137]
["02:16:21", 625, 137]
["02:16:22", 625, 137]
["02:16:22", 625, 137]
["02:16:23", 626, 136]
["02:16:23", 626, 136]
["02:16:24", 626, 136]
["02:16:24", 626, 136]
["02:16:25", 627, 136]
["02:16:25", 627, 136]
["02:16:26", 627, 136]
["02:16:26", 627, 136]
["02:16:27", 628, 136]
["02:16:28", 628, 136]
["02:16:28", 628, 136]
["02:16:29", 628, 136]
["02:16:29", 628, 136]
["02:16:30", 629, 135]
["02:16:30", 629, 135]
["02:16:31", 629, 135]
["02:16:31", 629, 135]
["02:16:32", 630, 135]
["02:16:32", 630, 135]
["02:16:33", 630, 135]
["02:16:33", 630, 135]
["02:16:34", 631, 135]
["02:16:34", 631, 135]
["02:16:35", 631, 135]
["02:16:35", 631, 135]
["02:16:36", 632, 135]
["02:16:36", 632, 135]
["02:16:37", 632, 135]
["02:16:37", 632, 135]
["02:16:38", 633, 134]
["02:16:38", 633, 134]
["02:16:39", 633, 134]
["02:16:39", 633, 134]
["02:16:40", 634, 133]
["02:16:40", 634, 132]
["02:16:41", 634, 132]
["02:16:41", 634, 132]
["02:16:42", 634, 132]
["02:16:42", 635, 132]
["02:16:43", 635, 132]
["02:16:43", 635, 132]
["02:16:44", 635, 132]
["02:16:44", 635, 132]
["02:16:45", 636, 131]
["02:16:46", 636, 131]
["02:16:46", 636, 131]
["02:16:47", 636, 131]
["02:16:47", 637, 130]
["02:16:48", 637, 130]
["02:16:48", 637, 130]
["02:16:49", 637, 130]
["02:16:49", 638, 130]
["02:16:50", 638, 130]
["02:16:50", 638, 130]
["02:16:51", 638, 130]
["02:16:51", 639, 130]
["02:16:52", 639, 130]
["02:16:52", 639, 130]
["02:16:53", 639, 130]
["02:16:53", 640, 129]
["02:16:54", 640, 129]
["02:16:54", 640, 129]
["02:16:55", 640, 129]
["02:16:55", 640, 129]
["02:16:56", 641, 129]
["02:16:56", 641, 129]
["02:16:57", 641, 129]
["02:16:57", 641, 129]
["02:16:58", 642, 127]
["02:16:58", 642, 127]
["02:16:59", 642, 127]
["02:16:59", 642, 127]
["02:17:00", 643, 127]
["02:17:00", 643, 127]
["02:17:01", 643, 127]
["02:17:01", 643, 127]
["02:17:02", 644, 126]
["02:17:02", 644, 126]
["02:17:03", 644, 126]
["02:17:04", 644, 126]
["02:17:04", 644, 126]
["02:17:05", 645, 125]
["02:17:05", 645, 125]
["02:17:06", 645, 125]
["02:17:06", 645, 125]
["02:17:07", 646, 124]
["02:17:07", 646, 124]
["02:17:08", 646, 124]
["02:17:08", 646, 124]
["02:17:09", 647, 124]
["02:17:09", 647, 124]
["02:17:10", 647, 124]
["02:17:10", 647, 124]
["02:17:11", 647, 124]
["02:17:11", 648, 123]
["02:17:12", 648, 123]
["02:17:12", 648, 123]
["02:17:13", 648, 123]
["02:17:13", 649, 122]
["02:17:14", 649, 122]
["02:17:14", 649, 122]
["02:17:15", 649, 122]
["02:17:15", 649, 123]
["02:17:16", 647, 124]
["02:17:16", 648, 121]
["02:17:17", 649, 119]
["02:17:17", 649, 119]
["02:17:18", 649, 118]
["02:17:18", 649, 118]
["02:17:19", 650, 117]
["02:17:19", 650, 117]
["02:17:20", 650, 117]
["02:17:20", 650, 117]
["02:17:21", 651, 116]
["02:17:21", 651, 116]
["02:17:22", 651, 116]
["02:17:23", 651, 116]
["02:17:23", 651, 116]
["02:17:24", 652, 115]
["02:17:24", 652, 114]
["02:17:25", 652, 114]
["02:17:25", 652, 114]
["02:17:26", 652, 114]
["02:17:26", 653, 114]
["02:17:27", 653, 114]
["02:17:27", 653, 114]
["02:17:28", 653, 114]
["02:17:28", 654, 114]
["02:17:29", 654, 114]
["02:17:29", 654, 114]
["02:17:30", 654, 114]
["02:17:30", 655, 113]
["02:17:31", 655, 113]
["02:17:31", 655, 113]
["02:17:32", 655, 113]
["02:17:32", 656, 112]
["02:17:33", 656, 112]
["02:17:33", 656, 112]
["02:17:34", 656, 112]
["02:17:34", 656, 112]
["02:17:35", 657, 111]
["02:17:35", 657, 111]
["02:17:36", 657, 111]
["02:17:36", 657, 111]
["02:17:37", 658, 110]
["02:17:37", 658, 110]
["02:17:38", 658, 110]
["02:17:38", 658, 110]
["02:17:39", 658, 110]
["02:17:39", 659, 110]
["02:17:40", 659, 110]
["02:17:40", 659, 110]
["02:17:41", 659, 110]
["02:17:42", 660, 110]
["02:17:42", 660, 110]
["02:17:43", 660, 110]
["02:17:43", 660, 110]
["02:17:44", 660, 110]
["02:17:44", 660, 110]
["02:17:45", 661, 110]
["02:17:45", 661, 110]
["02:17:46", 661, 110]
["02:17:46", 661, 110]
["02:17:47", 662, 110]
["02:17:47", 662, 110]
["02:17:48", 662, 110]
["02:17:48", 662, 110]
["02:17:49", 662, 110]
["02:17:49", 663, 110]
["02:17:50", 663, 110]
["02:17:50", 663, 110]
["02:17:51", 663, 110]
["02:17:51", 664, 110]
["02:17:52", 664, 110]
["02:17:52", 664, 110]
["02:17:53", 664, 110]
["02:17:53", 665, 110]
["02:17:54", 665, 110]
["02:17:54", 665, 110]
["02:17:55", 665, 110]
["02:17:55", 665, 110]
["02:17:56", 666, 110]
["02:17:56", 666, 110]
["02:17:57", 666, 110]
["02:17:57", 666, 110]
["02:17:58", 666, 110]
["02:17:58", 667, 110]
["02:17:59", 667, 110]
["02:17:59", 667, 110]
["02:18:00", 667, 110]
["02:18:01", 668, 109]
["02:18:01", 668, 108]
["02:18:02", 668, 108]
["02:18:02", 668, 108]
["02:18:03", 668, 108]
["02:18:03", 669, 107]
["02:18:04", 669, 107]
["02:18:04", 669, 107]
["02:18:05", 669, 107]
["02:18:05", 669, 107]
["02:18:06", 669, 107]
["02:18:06", 669, 107]
["02:18:07", 669, 107]
["02:18:07", 670, 106]
["02:18:08", 670, 106]
["02:18:08", 670, 106]
["02:18:09", 670, 106]
["02:18:09", 670, 106]
["02:18:10", 670, 106]
["02:18:10", 670, 106]
["02:18:11", 670, 106]
["02:18:11", 670, 106]
["02:18:12", 671, 106]
["02:18:12", 671, 106]
["02:18:13", 671, 106]
["02:18:13", 671, 106]
["02:18:14", 671, 106]
["02:18:14", 671, 106]
["02:18:15", 671, 106]
["02:18:15", 671, 106]
["02:18:16", 672, 105]
["02:18:16", 672, 105]
["02:18:17", 672, 105]
["02:18:18", 672, 104]
["02:18:18", 672, 104]
["02:18:19", 672, 104]
["02:18:19", 672, 104]
["02:18:20", 672, 104]
["02:18:20", 672, 104]
["02:18:21", 672, 104]
["02:18:21", 672, 104]
["02:18:22", 672, 104]
["02:18:22", 673, 104]
["02:18:23", 673, 104]
["02:18:23", 673, 104]
["02:18:24", 673, 104]
["02:18:24", 673, 104]
["02:18:25", 673, 104]
["02:18:25", 673, 104]
["02:18:26", 673, 104]
["02:18:26", 673, 104]
["02:18:27", 673, 104]
["02:18:27", 673, 104]
["02:18:28", 673, 104]
["02:18:28", 673, 104]
["02:18:29", 674, 103]
["02:18:29", 674, 103]
["02:18:30", 674, 103]
["02:18:30", 674, 103]
["02:18:31", 674, 103]
["02:18:31", 675, 103]
["02:18:32", 675, 103]
["02:18:32", 675, 103]
["02:18:33", 675, 103]
["02:18:33", 676, 103]
["02:18:34", 676, 103]
["02:18:35", 676, 103]
["02:18:35", 676, 103]
["02:18:36", 677, 103]
["02:18:36", 677, 103]
["02:18:37", 677, 103]
["02:18:37", 677, 103]
["02:18:38", 678, 103]
["02:18:38", 678, 103]
["02:18:39", 678, 103]
["02:18:39", 678, 103]
["02:18:40", 679, 103]
["02:18:40", 679, 103]
["02:18:41", 679, 103]
["02:18:41", 679, 103]
["02:18:42", 680, 103]
["02:18:42", 680, 103]
["02:18:43", 680, 103]
["02:18:43", 680, 103]
["02:18:44", 681, 103]
["02:18:44", 681, 103]
["02:18:45", 681, 103]
["02:18:45", 681, 103]
["02:18:46", 681, 103]
["02:18:46", 682, 103]
["02:18:47", 682, 103]
["02:18:47", 682, 103]
["02:18:48", 682, 103]
["02:18:48", 683, 103]
["02:18:49", 683, 103]
["02:18:49", 683, 103]
["02:18:50", 683, 103]
["02:18:50", 683, 103]
["02:18:51", 684, 103]
["02:18:51", 684, 103]
["02:18:52", 684, 103]
["02:18:52", 684, 103]
["02:18:53", 685, 103]
["02:18:54", 685, 103]
["02:18:54", 685, 103]
["02:18:55", 685, 103]
["02:18:55", 686, 103]
["02:18:56", 686, 103]
["02:18:56", 686, 103]
["02:18:57", 686, 103]
["02:18:57", 687, 103]
["02:18:58", 687, 103]
["02:18:58", 687, 103]
["02:18:59", 687, 103]
["02:18:59", 687, 103]
["02:19:00", 688, 103]
["02:19:00", 688, 103]
["02:19:01", 688, 103]
["02:19:01", 688, 103]
["02:19:02", 689, 103]
["02:19:02", 689, 103]
["02:19:03", 689, 103]
["02:19:03", 689, 103]
["02:19:04", 690, 103]
["02:19:04", 690, 103]
["02:19:05", 690, 103]
["02:19:05", 690, 103]
["02:19:06", 691, 102]
["02:19:06", 691, 102]
["02:19:07", 691, 102]
["02:19:07", 691, 102]
["02:19:08", 691, 102]
["02:19:08", 692, 102]
["02:19:09", 692, 102]
["02:19:09", 692, 102]
["02:19:10", 692, 102]
["02:19:11", 693, 101]
["02:19:11", 693, 101]
["02:19:12", 693, 101]
["02:19:12", 693, 101]
["02:19:13", 694, 101]
["02:19:13", 694, 101]
["02:19:14", 694, 101]
["02:19:14", 694, 101]
["02:19:15", 695, 100]
["02:19:15", 695, 100]
["02:19:16", 695, 100]
["02:19:16", 695, 100]
["02:19:17", 695, 100]
["02:19:17", 696, 99]
["02:19:18", 696, 99]
["02:19:18", 696, 99]
["02:19:19", 696, 99]
["02:19:19", 697, 99]
["02:19:20", 697, 99]
["02:19:20", 697, 99]
["02:19:21", 697, 99]
["02:19:21", 698, 99]
["02:19:22", 698, 99]
["02:19:22", 698, 99]
["02:19:23", 698, 99]
["02:19:23", 698, 98]
["02:19:24", 698, 98]
["02:19:24", 698, 98]
["02:19:25", 698, 98]
["02:19:25", 698, 98]
["02:19:26", 698, 98]
["02:19:26", 698, 98]
["02:19:27", 698, 98]
["02:19:27", 698, 96]
["02:19:28", 698, 91]
["02:19:28", 698, 88]
["02:19:29", 698, 86]
["02:19:30", 698, 86]
["02:19:30", 698, 86]
["02:19:31", 698, 86]
["02:19:31", 698, 86]
["02:19:32", 698, 84]
["02:19:32", 698, 84]
["02:19:33", 698, 84]
["02:19:33", 698, 84]
["02:19:34", 698, 83]
["02:19:34", 698, 81]
["02:19:35", 698, 81]
["02:19:35", 698, 81]
["02:19:36", 698, 81]
["02:19:36", 699, 79]
["02:19:37", 699, 75]
["02:19:37", 699, 75]
["02:19:38", 699, 75]
["02:19:38", 699, 75]
["02:19:39", 699, 74]
["02:19:39", 699, 73]
["02:19:40", 699, 73]
["02:19:40", 699, 73]
["02:19:41", 699, 73]
["02:19:41", 700, 70]
["02:19:42", 700, 70]
["02:19:42", 700, 70]
["02:19:43", 700, 70]
["02:19:43", 700, 70]
["02:19:44", 700, 70]
["02:19:44", 700, 70]
["02:19:45", 700, 70]
["02:19:45", 700, 70]
["02:19:46", 701, 69]
["02:19:46", 701, 69]
["02:19:47", 701, 69]
["02:19:47", 701, 69]
["02:19:48", 702, 69]
["02:19:49", 702, 69]
["02:19:49", 702, 69]
["02:19:50", 702, 69]
["02:19:50", 702, 69]
["02:19:51", 703, 69]
["02:19:51", 703, 69]
["02:19:52", 703, 69]
["02:19:52", 703, 69]
["02:19:53", 704, 69]
["02:19:53", 704, 69]
["02:19:54", 704, 69]
["02:19:54", 704, 69]
["02:19:55", 704, 68]
["02:19:55", 705, 67]
["02:19:56", 705, 67]
["02:19:56", 705, 67]
["02:19:57", 705, 67]
["02:19:57", 706, 67]
["02:19:58", 706, 67]
["02:19:58", 706, 67]
["02:19:59", 706, 67]
["02:19:59", 707, 67]
["02:20:00", 707, 67]
["02:20:00", 707, 67]
["02:20:01", 707, 67]
["02:20:01", 708, 67]
["02:20:02", 708, 67]
["02:20:02", 708, 67]
["02:20:03", 708, 67]
["02:20:03", 709, 67]
["02:20:04", 709, 67]
["02:20:04", 709, 67]
["02:20:05", 709, 67]
["02:20:05", 710, 67]
["02:20:06", 710, 67]
["02:20:07", 710, 67]
["02:20:07", 710, 67]
["02:20:08", 710, 67]
["02:20:08", 711, 67]
["02:20:09", 711, 67]
["02:20:09", 711, 67]
["02:20:10", 711, 67]
["02:20:10", 712, 67]
["02:20:11", 712, 67]
["02:20:11", 712, 67]
["02:20:12", 712, 67]
["02:20:12", 713, 67]
["02:20:13", 713, 67]
["02:20:13", 713, 67]
["02:20:14", 713, 67]
["02:20:14", 714, 67]
["02:20:15", 714, 67]
["02:20:15", 714, 67]
["02:20:16", 714, 67]
["02:20:16", 715, 67]
["02:20:17", 715, 67]
["02:20:17", 715, 67]
["02:20:18", 715, 67]
["02:20:18", 715, 67]
["02:20:19", 716, 67]
["02:20:19", 716, 67]
["02:20:20", 716, 67]
["02:20:20", 716, 67]
["02:20:21", 698, 86]
["02:20:21", 698, 86]
["02:20:22", 698, 86]
["02:20:22", 698, 86]
["02:20:23", 697, 87]
["02:20:23", 697, 87]
["02:20:24", 697, 87]
["02:20:24", 697, 87]
["02:20:25", 697, 87]
["02:20:26", 698, 87]
["02:20:26", 698, 87]
["02:20:27", 698, 87]
["02:20:27", 698, 87]
["02:20:28", 699, 86]
["02:20:28", 699, 86]
["02:20:29", 699, 86]
["02:20:29", 699, 86]
["02:20:30", 700, 86]
["02:20:30", 700, 86]
["02:20:31", 700, 86]
["02:20:31", 700, 86]
["02:20:32", 701, 85]
["02:20:32", 701, 85]
["02:20:33", 701, 85]
["02:20:33", 701, 85]
["02:20:34", 701, 85]
["02:20:34", 702, 85]
["02:20:35", 702, 85]
["02:20:35", 702, 85]
["02:20:36", 702, 85]
["02:20:36", 703, 84]
["02:20:37", 703, 84]
["02:20:37", 703, 84]
["02:20:38", 703, 84]
["02:20:38", 703, 84]
["02:20:39", 704, 84]
["02:20:39", 704, 84]
["02:20:40", 704, 84]
["02:20:40", 704, 84]
["02:20:41", 705, 83]
["02:20:41", 705, 83]
["02:20:42", 705, 83]
["02:20:42", 705, 83]
["02:20:43", 705, 83]
["02:20:44", 706, 83]
["02:20:44", 706, 83]
["02:20:45", 706, 83]
["02:20:45", 706, 83]
["02:20:46", 707, 82]
["02:20:46", 707, 82]
["02:20:47", 707, 82]
["02:20:47", 707, 82]
["02:20:48", 707, 82]
["02:20:48", 708, 82]
["02:20:49", 708, 82]
["02:20:49", 708, 82]
["02:20:50", 708, 82]
["02:20:50", 709, 82]
["02:20:51", 709, 82]
["02:20:51", 709, 82]
["02:20:52", 709, 82]
["02:20:52", 710, 81]
["02:20:53", 710, 81]
["02:20:53", 710, 81]
["02:20:54", 710, 81]
["02:20:54", 710, 81]
["02:20:55", 710, 81]
["02:20:55", 711, 81]
["02:20:56", 711, 81]
["02:20:56", 711, 81]
["02:20:57", 711, 81]
["02:20:57", 712, 79]
["02:20:58", 712, 79]
["02:20:58", 712, 79]
["02:20:59", 712, 79]
["02:20:59", 712, 79]
["02:21:00", 713, 78]
["02:21:00", 713, 78]
["02:21:01", 713, 78]
["02:21:02", 713, 78]
["02:21:02", 714, 78]
["02:21:03", 714, 78]
["02:21:03", 714, 78]
["02:21:04", 714, 78]
["02:21:04", 714, 78]
["02:21:05", 715, 77]
["02:21:05", 715, 77]
["02:21:06", 715, 77]
["02:21:06", 715, 77]
["02:21:07", 716, 77]
["02:21:07", 716, 77]
["02:21:08", 716, 77]
["02:21:08", 716, 77]
["02:21:09", 717, 77]
["02:21:09", 717, 77]
["02:21:10", 717, 77]
["02:21:10", 717, 77]
["02:21:11", 718, 77]
["02:21:11", 718, 77]
["02:21:12", 718, 77]
["02:21:12", 718, 77]
["02:21:13", 719, 77]
["02:21:13", 719, 77]
["02:21:14", 719, 77]
["02:21:14", 719, 77]
["02:21:15", 720, 76]
["02:21:15", 720, 76]
["02:21:16", 720, 76]
["02:21:16", 720, 76]
["02:21:17", 720, 76]
["02:21:17", 721, 76]
["02:21:18", 721, 76]
["02:21:18", 721, 76]
["02:21:19", 721, 76]
["02:21:20", 722, 75]
["02:21:20", 722, 75]
["02:21:21", 722, 75]
["02:21:21", 722, 75]